{"level":"info","msg":"start init db","time":"2025-12-21T13:04:48+08:00"}
{"level":"info","msg":"init db successfully!","time":"2025-12-21T13:04:48+08:00"}
{"level":"info","msg":"start init redis","time":"2025-12-21T13:04:48+08:00"}
{"level":"info","msg":"init redis successfully!","time":"2025-12-21T13:04:48+08:00"}
{"level":"info","msg":"start init id generator","time":"2025-12-21T13:04:48+08:00"}
{"level":"info","msg":"init id generator successfully!","time":"2025-12-21T13:04:48+08:00"}
{"level":"info","msg":"init mail dialer successfully!","time":"2025-12-21T13:04:48+08:00"}
{"level":"info","msg":"KITEX: server listen at addr=[::]:8888","time":"2025-12-21T13:04:48+08:00"}
{"level":"error","msg":"token parse error: token is malformed: token contains an invalid number of segments","time":"2025-12-21T13:04:53+08:00"}
{"level":"info","msg":"KITEX: gRPC GracefulShutdown starts","time":"2025-12-21T13:05:15+08:00"}
{"level":"info","msg":"KITEX: gRPC GracefulShutdown ends","time":"2025-12-21T13:05:15+08:00"}
{"level":"info","msg":"start init db","time":"2025-12-21T13:05:21+08:00"}
{"level":"info","msg":"init db successfully!","time":"2025-12-21T13:05:21+08:00"}
{"level":"info","msg":"start init redis","time":"2025-12-21T13:05:21+08:00"}
{"level":"info","msg":"init redis successfully!","time":"2025-12-21T13:05:21+08:00"}
{"level":"info","msg":"start init id generator","time":"2025-12-21T13:05:21+08:00"}
{"level":"info","msg":"init id generator successfully!","time":"2025-12-21T13:05:21+08:00"}
{"level":"info","msg":"init mail dialer successfully!","time":"2025-12-21T13:05:21+08:00"}
{"level":"info","msg":"KITEX: server listen at addr=[::]:8888","time":"2025-12-21T13:05:21+08:00"}
{"level":"error","msg":"token parse error: token is malformed: token contains an invalid number of segments","time":"2025-12-21T13:05:24+08:00"}
{"level":"error","msg":"token parse error: token is malformed: token contains an invalid number of segments","time":"2025-12-21T13:05:26+08:00"}
{"level":"info","msg":"KITEX: gRPC GracefulShutdown starts","time":"2025-12-21T13:05:50+08:00"}
{"level":"info","msg":"KITEX: gRPC GracefulShutdown ends","time":"2025-12-21T13:05:50+08:00"}
{"level":"info","msg":"start init db","time":"2025-12-21T13:06:03+08:00"}
{"level":"info","msg":"init db successfully!","time":"2025-12-21T13:06:03+08:00"}
{"level":"info","msg":"start init redis","time":"2025-12-21T13:06:03+08:00"}
{"level":"info","msg":"init redis successfully!","time":"2025-12-21T13:06:03+08:00"}
{"level":"info","msg":"start init id generator","time":"2025-12-21T13:06:03+08:00"}
{"level":"info","msg":"init id generator successfully!","time":"2025-12-21T13:06:03+08:00"}
{"level":"info","msg":"init mail dialer successfully!","time":"2025-12-21T13:06:03+08:00"}
{"level":"info","msg":"KITEX: server listen at addr=[::]:8888","time":"2025-12-21T13:06:03+08:00"}
{"level":"error","msg":"token parse error: token is malformed: token contains an invalid number of segments","time":"2025-12-21T13:06:10+08:00"}
{"level":"info","msg":"KITEX: gRPC GracefulShutdown starts","time":"2025-12-21T13:06:10+08:00"}
{"level":"info","msg":"KITEX: gRPC GracefulShutdown ends","time":"2025-12-21T13:06:10+08:00"}
{"level":"info","msg":"start init db","time":"2025-12-21T13:06:19+08:00"}
{"level":"info","msg":"init db successfully!","time":"2025-12-21T13:06:19+08:00"}
{"level":"info","msg":"start init redis","time":"2025-12-21T13:06:19+08:00"}
{"level":"info","msg":"init redis successfully!","time":"2025-12-21T13:06:19+08:00"}
{"level":"info","msg":"start init id generator","time":"2025-12-21T13:06:19+08:00"}
{"level":"info","msg":"init id generator successfully!","time":"2025-12-21T13:06:19+08:00"}
{"level":"info","msg":"init mail dialer successfully!","time":"2025-12-21T13:06:19+08:00"}
{"level":"info","msg":"KITEX: server listen at addr=[::]:8888","time":"2025-12-21T13:06:19+08:00"}
{"level":"info","msg":"received ping request: PingRequest({Ping:\u003cnil\u003e Base:Base({LogID: Caller: Addr: Client: TrafficEnv:\u003cnil\u003e Extra:map[Accept:*/* Accept-Encoding:gzip, deflate, br Connection:keep-alive Content-Length:0 Host:localhost:8000 Postman-Token:cba7186c-ee81-47fd-a91a-956996dd3466 User-Agent:PostmanRuntime/7.29.0]})})","time":"2025-12-21T13:06:23+08:00"}
{"level":"info","msg":"KITEX: gRPC GracefulShutdown starts","time":"2025-12-21T15:14:18+08:00"}
{"level":"info","msg":"KITEX: gRPC GracefulShutdown ends","time":"2025-12-21T15:14:18+08:00"}
