{"level":"info","msg":"start init db","time":"2025-12-21T19:46:08+08:00"}
{"level":"info","msg":"init db successfully!","time":"2025-12-21T19:46:08+08:00"}
{"level":"info","msg":"start init redis","time":"2025-12-21T19:46:08+08:00"}
{"level":"info","msg":"init redis successfully!","time":"2025-12-21T19:46:08+08:00"}
{"level":"info","msg":"start init id generator","time":"2025-12-21T19:46:08+08:00"}
{"level":"info","msg":"init id generator successfully!","time":"2025-12-21T19:46:08+08:00"}
{"level":"info","msg":"init mail dialer successfully!","time":"2025-12-21T19:46:08+08:00"}
{"level":"info","msg":"KITEX: server listen at addr=[::]:8888","time":"2025-12-21T19:46:08+08:00"}
{"level":"error","msg":"list geo failed: geo level out of range","time":"2025-12-21T19:46:46+08:00"}
{"level":"info","msg":"KITEX: gRPC GracefulShutdown starts","time":"2025-12-21T19:54:37+08:00"}
{"level":"info","msg":"KITEX: gRPC GracefulShutdown ends","time":"2025-12-21T19:54:37+08:00"}
{"level":"info","msg":"start init db","time":"2025-12-21T19:54:44+08:00"}
{"level":"info","msg":"init db successfully!","time":"2025-12-21T19:54:44+08:00"}
{"level":"info","msg":"start init redis","time":"2025-12-21T19:54:44+08:00"}
{"level":"info","msg":"init redis successfully!","time":"2025-12-21T19:54:44+08:00"}
{"level":"info","msg":"start init id generator","time":"2025-12-21T19:54:44+08:00"}
{"level":"info","msg":"init id generator successfully!","time":"2025-12-21T19:54:44+08:00"}
{"level":"info","msg":"init mail dialer successfully!","time":"2025-12-21T19:54:44+08:00"}
{"level":"info","msg":"KITEX: server listen at addr=[::]:8888","time":"2025-12-21T19:54:44+08:00"}
{"level":"error","msg":"list geo failed: parent id is invalid","time":"2025-12-21T19:57:51+08:00"}
{"level":"info","msg":"KITEX: gRPC GracefulShutdown starts","time":"2025-12-21T20:27:43+08:00"}
{"level":"info","msg":"KITEX: gRPC GracefulShutdown ends","time":"2025-12-21T20:27:43+08:00"}
