{"level":"info","msg":"start init db","time":"2025-12-21T20:27:45+08:00"}
{"level":"info","msg":"init db successfully!","time":"2025-12-21T20:27:45+08:00"}
{"level":"info","msg":"start init redis","time":"2025-12-21T20:27:45+08:00"}
{"level":"info","msg":"init redis successfully!","time":"2025-12-21T20:27:45+08:00"}
{"level":"info","msg":"start init id generator","time":"2025-12-21T20:27:45+08:00"}
{"level":"info","msg":"init id generator successfully!","time":"2025-12-21T20:27:45+08:00"}
{"level":"info","msg":"init mail dialer successfully!","time":"2025-12-21T20:27:45+08:00"}
{"level":"info","msg":"KITEX: server listen at addr=[::]:8888","time":"2025-12-21T20:27:45+08:00"}
{"level":"error","msg":"[DB] count tag error: unsupported data type: 0x1400128c610: Table not set, please set it like: db.Model(\u0026user) or db.Table(\"users\")","time":"2025-12-21T20:28:22+08:00"}
{"level":"error","msg":"query tag failed: unsupported data type: 0x1400128c610: Table not set, please set it like: db.Model(\u0026user) or db.Table(\"users\")","time":"2025-12-21T20:28:22+08:00"}
{"level":"error","msg":"[DB] count tag error: unsupported data type: 0x14001137bb0: Table not set, please set it like: db.Model(\u0026user) or db.Table(\"users\")","time":"2025-12-21T20:29:10+08:00"}
{"level":"error","msg":"query tag failed: unsupported data type: 0x14001137bb0: Table not set, please set it like: db.Model(\u0026user) or db.Table(\"users\")","time":"2025-12-21T20:29:12+08:00"}
{"level":"info","msg":"KITEX: gRPC GracefulShutdown starts","time":"2025-12-21T20:30:54+08:00"}
{"level":"info","msg":"KITEX: gRPC GracefulShutdown ends","time":"2025-12-21T20:30:54+08:00"}
{"level":"info","msg":"start init db","time":"2025-12-21T20:31:01+08:00"}
{"level":"info","msg":"init db successfully!","time":"2025-12-21T20:31:01+08:00"}
{"level":"info","msg":"start init redis","time":"2025-12-21T20:31:01+08:00"}
{"level":"info","msg":"init redis successfully!","time":"2025-12-21T20:31:01+08:00"}
{"level":"info","msg":"start init id generator","time":"2025-12-21T20:31:01+08:00"}
{"level":"info","msg":"init id generator successfully!","time":"2025-12-21T20:31:01+08:00"}
{"level":"info","msg":"init mail dialer successfully!","time":"2025-12-21T20:31:01+08:00"}
{"level":"info","msg":"KITEX: server listen at addr=[::]:8888","time":"2025-12-21T20:31:01+08:00"}
{"level":"info","msg":"KITEX: gRPC GracefulShutdown starts","time":"2025-12-21T20:40:45+08:00"}
{"level":"info","msg":"KITEX: gRPC GracefulShutdown ends","time":"2025-12-21T20:40:45+08:00"}
{"level":"info","msg":"start init db","time":"2025-12-21T20:40:48+08:00"}
{"level":"info","msg":"init db successfully!","time":"2025-12-21T20:40:48+08:00"}
{"level":"info","msg":"start init redis","time":"2025-12-21T20:40:48+08:00"}
{"level":"info","msg":"init redis successfully!","time":"2025-12-21T20:40:48+08:00"}
{"level":"info","msg":"start init id generator","time":"2025-12-21T20:40:48+08:00"}
{"level":"info","msg":"init id generator successfully!","time":"2025-12-21T20:40:48+08:00"}
{"level":"info","msg":"init mail dialer successfully!","time":"2025-12-21T20:40:48+08:00"}
{"level":"info","msg":"KITEX: server listen at addr=[::]:8888","time":"2025-12-21T20:40:48+08:00"}
{"level":"error","msg":"add tag failed: tag name is required","time":"2025-12-21T20:41:33+08:00"}
{"level":"error","msg":"add tag failed: tag already exists","time":"2025-12-21T20:41:45+08:00"}
{"level":"info","msg":"KITEX: gRPC GracefulShutdown starts","time":"2025-12-21T20:42:34+08:00"}
{"level":"info","msg":"KITEX: gRPC GracefulShutdown ends","time":"2025-12-21T20:42:34+08:00"}
{"level":"info","msg":"start init db","time":"2025-12-21T20:42:41+08:00"}
{"level":"info","msg":"init db successfully!","time":"2025-12-21T20:42:42+08:00"}
{"level":"info","msg":"start init redis","time":"2025-12-21T20:42:42+08:00"}
{"level":"info","msg":"init redis successfully!","time":"2025-12-21T20:42:42+08:00"}
{"level":"info","msg":"start init id generator","time":"2025-12-21T20:42:42+08:00"}
{"level":"info","msg":"init id generator successfully!","time":"2025-12-21T20:42:42+08:00"}
{"level":"info","msg":"init mail dialer successfully!","time":"2025-12-21T20:42:42+08:00"}
{"level":"info","msg":"KITEX: server listen at addr=[::]:8888","time":"2025-12-21T20:42:42+08:00"}
{"level":"info","msg":"KITEX: gRPC GracefulShutdown starts","time":"2025-12-21T21:40:04+08:00"}
{"level":"info","msg":"KITEX: gRPC GracefulShutdown ends","time":"2025-12-21T21:40:04+08:00"}
