{"level":"info","msg":"start init db","time":"2025-12-21T16:07:50+08:00"}
{"level":"info","msg":"init db successfully!","time":"2025-12-21T16:07:50+08:00"}
{"level":"info","msg":"start init redis","time":"2025-12-21T16:07:50+08:00"}
{"level":"info","msg":"init redis successfully!","time":"2025-12-21T16:07:50+08:00"}
{"level":"info","msg":"start init id generator","time":"2025-12-21T16:07:50+08:00"}
{"level":"info","msg":"init id generator successfully!","time":"2025-12-21T16:07:50+08:00"}
{"level":"info","msg":"init mail dialer successfully!","time":"2025-12-21T16:07:50+08:00"}
{"level":"info","msg":"KITEX: server listen at addr=[::]:8888","time":"2025-12-21T16:07:50+08:00"}
{"level":"info","msg":"KITEX: gRPC GracefulShutdown starts","time":"2025-12-21T16:13:51+08:00"}
{"level":"info","msg":"KITEX: gRPC GracefulShutdown ends","time":"2025-12-21T16:13:51+08:00"}
{"level":"info","msg":"start init db","time":"2025-12-21T16:13:53+08:00"}
{"level":"info","msg":"init db successfully!","time":"2025-12-21T16:13:53+08:00"}
{"level":"info","msg":"start init redis","time":"2025-12-21T16:13:53+08:00"}
{"level":"info","msg":"init redis successfully!","time":"2025-12-21T16:13:53+08:00"}
{"level":"info","msg":"start init id generator","time":"2025-12-21T16:13:53+08:00"}
{"level":"info","msg":"init id generator successfully!","time":"2025-12-21T16:13:53+08:00"}
{"level":"info","msg":"init mail dialer successfully!","time":"2025-12-21T16:13:53+08:00"}
{"level":"info","msg":"KITEX: server listen at addr=[::]:8888","time":"2025-12-21T16:13:53+08:00"}
{"level":"info","msg":"KITEX: gRPC GracefulShutdown starts","time":"2025-12-21T16:55:27+08:00"}
{"level":"info","msg":"KITEX: gRPC GracefulShutdown ends","time":"2025-12-21T16:55:27+08:00"}
{"level":"info","msg":"start init db","time":"2025-12-21T16:55:30+08:00"}
{"level":"info","msg":"init db successfully!","time":"2025-12-21T16:55:30+08:00"}
{"level":"info","msg":"start init redis","time":"2025-12-21T16:55:30+08:00"}
{"level":"info","msg":"init redis successfully!","time":"2025-12-21T16:55:30+08:00"}
{"level":"info","msg":"start init id generator","time":"2025-12-21T16:55:30+08:00"}
{"level":"info","msg":"init id generator successfully!","time":"2025-12-21T16:55:30+08:00"}
{"level":"info","msg":"init mail dialer successfully!","time":"2025-12-21T16:55:30+08:00"}
{"level":"info","msg":"KITEX: server listen at addr=[::]:8888","time":"2025-12-21T16:55:30+08:00"}
{"level":"info","msg":"KITEX: gRPC GracefulShutdown starts","time":"2025-12-21T16:57:42+08:00"}
{"level":"info","msg":"KITEX: gRPC GracefulShutdown ends","time":"2025-12-21T16:57:42+08:00"}
{"level":"info","msg":"start init db","time":"2025-12-21T16:57:49+08:00"}
{"level":"info","msg":"init db successfully!","time":"2025-12-21T16:57:49+08:00"}
{"level":"info","msg":"start init redis","time":"2025-12-21T16:57:49+08:00"}
{"level":"info","msg":"init redis successfully!","time":"2025-12-21T16:57:49+08:00"}
{"level":"info","msg":"start init id generator","time":"2025-12-21T16:57:49+08:00"}
{"level":"info","msg":"init id generator successfully!","time":"2025-12-21T16:57:49+08:00"}
{"level":"info","msg":"init mail dialer successfully!","time":"2025-12-21T16:57:49+08:00"}
{"level":"info","msg":"KITEX: server listen at addr=[::]:8888","time":"2025-12-21T16:57:49+08:00"}
{"level":"info","msg":"KITEX: gRPC GracefulShutdown starts","time":"2025-12-21T17:05:48+08:00"}
{"level":"info","msg":"KITEX: gRPC GracefulShutdown ends","time":"2025-12-21T17:05:48+08:00"}
