{"level":"info","msg":"start init db","time":"2025-12-21T15:14:20+08:00"}
{"level":"info","msg":"init db successfully!","time":"2025-12-21T15:14:20+08:00"}
{"level":"info","msg":"start init redis","time":"2025-12-21T15:14:20+08:00"}
{"level":"info","msg":"init redis successfully!","time":"2025-12-21T15:14:20+08:00"}
{"level":"info","msg":"start init id generator","time":"2025-12-21T15:14:20+08:00"}
{"level":"info","msg":"init id generator successfully!","time":"2025-12-21T15:14:20+08:00"}
{"level":"info","msg":"init mail dialer successfully!","time":"2025-12-21T15:14:20+08:00"}
{"level":"info","msg":"KITEX: server listen at addr=[::]:8888","time":"2025-12-21T15:14:20+08:00"}
{"level":"info","msg":"KITEX: gRPC GracefulShutdown starts","time":"2025-12-21T15:17:16+08:00"}
{"level":"info","msg":"KITEX: gRPC GracefulShutdown ends","time":"2025-12-21T15:17:16+08:00"}
{"level":"info","msg":"start init db","time":"2025-12-21T15:17:24+08:00"}
{"level":"info","msg":"init db successfully!","time":"2025-12-21T15:17:24+08:00"}
{"level":"info","msg":"start init redis","time":"2025-12-21T15:17:24+08:00"}
{"level":"info","msg":"init redis successfully!","time":"2025-12-21T15:17:24+08:00"}
{"level":"info","msg":"start init id generator","time":"2025-12-21T15:17:24+08:00"}
{"level":"info","msg":"init id generator successfully!","time":"2025-12-21T15:17:24+08:00"}
{"level":"info","msg":"init mail dialer successfully!","time":"2025-12-21T15:17:24+08:00"}
{"level":"info","msg":"KITEX: server listen at addr=[::]:8888","time":"2025-12-21T15:17:24+08:00"}
{"level":"info","msg":"KITEX: gRPC GracefulShutdown starts","time":"2025-12-21T15:19:37+08:00"}
{"level":"info","msg":"KITEX: gRPC GracefulShutdown ends","time":"2025-12-21T15:19:37+08:00"}
{"level":"info","msg":"start init db","time":"2025-12-21T15:56:00+08:00"}
{"level":"info","msg":"init db successfully!","time":"2025-12-21T15:56:00+08:00"}
{"level":"info","msg":"start init redis","time":"2025-12-21T15:56:00+08:00"}
{"level":"info","msg":"init redis successfully!","time":"2025-12-21T15:56:00+08:00"}
{"level":"info","msg":"start init id generator","time":"2025-12-21T15:56:00+08:00"}
{"level":"info","msg":"init id generator successfully!","time":"2025-12-21T15:56:00+08:00"}
{"level":"info","msg":"init mail dialer successfully!","time":"2025-12-21T15:56:00+08:00"}
{"level":"info","msg":"KITEX: server listen at addr=[::]:8888","time":"2025-12-21T15:56:00+08:00"}
{"level":"info","msg":"KITEX: gRPC GracefulShutdown starts","time":"2025-12-21T15:57:54+08:00"}
{"level":"info","msg":"KITEX: gRPC GracefulShutdown ends","time":"2025-12-21T15:57:54+08:00"}
{"level":"info","msg":"start init db","time":"2025-12-21T15:58:01+08:00"}
{"level":"info","msg":"init db successfully!","time":"2025-12-21T15:58:01+08:00"}
{"level":"info","msg":"start init redis","time":"2025-12-21T15:58:01+08:00"}
{"level":"info","msg":"init redis successfully!","time":"2025-12-21T15:58:01+08:00"}
{"level":"info","msg":"start init id generator","time":"2025-12-21T15:58:01+08:00"}
{"level":"info","msg":"init id generator successfully!","time":"2025-12-21T15:58:01+08:00"}
{"level":"info","msg":"init mail dialer successfully!","time":"2025-12-21T15:58:01+08:00"}
{"level":"info","msg":"KITEX: server listen at addr=[::]:8888","time":"2025-12-21T15:58:01+08:00"}
{"level":"info","msg":"KITEX: gRPC GracefulShutdown starts","time":"2025-12-21T16:07:48+08:00"}
{"level":"info","msg":"KITEX: gRPC GracefulShutdown ends","time":"2025-12-21T16:07:48+08:00"}
