{"level":"info","msg":"start init db","time":"2025-12-21T17:05:50+08:00"}
{"level":"info","msg":"init db successfully!","time":"2025-12-21T17:05:50+08:00"}
{"level":"info","msg":"start init redis","time":"2025-12-21T17:05:50+08:00"}
{"level":"info","msg":"init redis successfully!","time":"2025-12-21T17:05:50+08:00"}
{"level":"info","msg":"start init id generator","time":"2025-12-21T17:05:50+08:00"}
{"level":"info","msg":"init id generator successfully!","time":"2025-12-21T17:05:50+08:00"}
{"level":"info","msg":"init mail dialer successfully!","time":"2025-12-21T17:05:50+08:00"}
{"level":"info","msg":"KITEX: server listen at addr=[::]:8888","time":"2025-12-21T17:05:50+08:00"}
{"level":"info","msg":"KITEX: gRPC GracefulShutdown starts","time":"2025-12-21T17:22:20+08:00"}
{"level":"info","msg":"KITEX: gRPC GracefulShutdown ends","time":"2025-12-21T17:22:20+08:00"}
{"level":"info","msg":"start init db","time":"2025-12-21T17:22:22+08:00"}
{"level":"info","msg":"init db successfully!","time":"2025-12-21T17:22:22+08:00"}
{"level":"info","msg":"start init redis","time":"2025-12-21T17:22:22+08:00"}
{"level":"info","msg":"init redis successfully!","time":"2025-12-21T17:22:22+08:00"}
{"level":"info","msg":"start init id generator","time":"2025-12-21T17:22:22+08:00"}
{"level":"info","msg":"init id generator successfully!","time":"2025-12-21T17:22:22+08:00"}
{"level":"info","msg":"init mail dialer successfully!","time":"2025-12-21T17:22:22+08:00"}
{"level":"info","msg":"KITEX: server listen at addr=[::]:8888","time":"2025-12-21T17:22:22+08:00"}
{"level":"info","msg":"KITEX: gRPC GracefulShutdown starts","time":"2025-12-21T18:48:02+08:00"}
{"level":"info","msg":"KITEX: gRPC GracefulShutdown ends","time":"2025-12-21T18:48:02+08:00"}
