{"level":"info","msg":"start init db","time":"2025-12-21T22:05:58+08:00"}
{"level":"info","msg":"init db successfully!","time":"2025-12-21T22:05:58+08:00"}
{"level":"info","msg":"start init redis","time":"2025-12-21T22:05:58+08:00"}
{"level":"info","msg":"init redis successfully!","time":"2025-12-21T22:05:58+08:00"}
{"level":"info","msg":"start init id generator","time":"2025-12-21T22:05:58+08:00"}
{"level":"info","msg":"init id generator successfully!","time":"2025-12-21T22:05:58+08:00"}
{"level":"info","msg":"init mail dialer successfully!","time":"2025-12-21T22:05:58+08:00"}
{"level":"info","msg":"KITEX: server listen at addr=[::]:8888","time":"2025-12-21T22:05:58+08:00"}
{"level":"error","msg":"add candidate failed: candidate already exists","time":"2025-12-21T22:07:53+08:00"}
{"level":"error","msg":"add candidate failed: candidate already exists","time":"2025-12-21T22:07:59+08:00"}
{"level":"error","msg":"add candidate failed: candidate already exists","time":"2025-12-21T22:08:02+08:00"}
{"level":"info","msg":"KITEX: gRPC GracefulShutdown starts","time":"2025-12-21T22:16:15+08:00"}
{"level":"info","msg":"KITEX: gRPC GracefulShutdown ends","time":"2025-12-21T22:16:15+08:00"}
{"level":"info","msg":"start init db","time":"2025-12-21T22:17:58+08:00"}
{"level":"info","msg":"init db successfully!","time":"2025-12-21T22:17:58+08:00"}
{"level":"info","msg":"start init redis","time":"2025-12-21T22:17:58+08:00"}
{"level":"info","msg":"init redis successfully!","time":"2025-12-21T22:17:58+08:00"}
{"level":"info","msg":"start init id generator","time":"2025-12-21T22:17:58+08:00"}
{"level":"info","msg":"init id generator successfully!","time":"2025-12-21T22:17:58+08:00"}
{"level":"info","msg":"init mail dialer successfully!","time":"2025-12-21T22:17:58+08:00"}
{"level":"info","msg":"KITEX: server listen at addr=[::]:8888","time":"2025-12-21T22:17:58+08:00"}
{"level":"info","msg":"KITEX: gRPC GracefulShutdown starts","time":"2025-12-21T22:23:24+08:00"}
{"level":"info","msg":"KITEX: gRPC GracefulShutdown ends","time":"2025-12-21T22:23:24+08:00"}
{"level":"info","msg":"start init db","time":"2025-12-21T22:23:26+08:00"}
{"level":"info","msg":"init db successfully!","time":"2025-12-21T22:23:26+08:00"}
{"level":"info","msg":"start init redis","time":"2025-12-21T22:23:26+08:00"}
{"level":"info","msg":"init redis successfully!","time":"2025-12-21T22:23:26+08:00"}
{"level":"info","msg":"start init id generator","time":"2025-12-21T22:23:26+08:00"}
{"level":"info","msg":"init id generator successfully!","time":"2025-12-21T22:23:26+08:00"}
{"level":"info","msg":"init mail dialer successfully!","time":"2025-12-21T22:23:26+08:00"}
{"level":"info","msg":"KITEX: server listen at addr=[::]:8888","time":"2025-12-21T22:23:26+08:00"}
{"level":"info","msg":"start init db","time":"2025-12-21T22:38:47+08:00"}
{"level":"info","msg":"init db successfully!","time":"2025-12-21T22:38:47+08:00"}
{"level":"info","msg":"start init redis","time":"2025-12-21T22:38:47+08:00"}
{"level":"info","msg":"init redis successfully!","time":"2025-12-21T22:38:47+08:00"}
{"level":"info","msg":"start init id generator","time":"2025-12-21T22:38:47+08:00"}
{"level":"info","msg":"init id generator successfully!","time":"2025-12-21T22:38:47+08:00"}
{"level":"info","msg":"init mail dialer successfully!","time":"2025-12-21T22:38:47+08:00"}
{"level":"error","msg":"KITEX: server listen failed, addr=:8888 error=listen tcp :8888: bind: address already in use","time":"2025-12-21T22:38:47+08:00"}
{"level":"error","msg":"KITEX: server start error: error=listen tcp :8888: bind: address already in use","time":"2025-12-21T22:38:47+08:00"}
{"level":"info","msg":"KITEX: gRPC GracefulShutdown starts","time":"2025-12-21T22:38:52+08:00"}
{"level":"info","msg":"KITEX: gRPC GracefulShutdown ends","time":"2025-12-21T22:38:52+08:00"}
{"level":"info","msg":"start init db","time":"2025-12-21T22:39:10+08:00"}
{"level":"info","msg":"init db successfully!","time":"2025-12-21T22:39:10+08:00"}
{"level":"info","msg":"start init redis","time":"2025-12-21T22:39:10+08:00"}
{"level":"info","msg":"init redis successfully!","time":"2025-12-21T22:39:10+08:00"}
{"level":"info","msg":"start init id generator","time":"2025-12-21T22:39:10+08:00"}
{"level":"info","msg":"init id generator successfully!","time":"2025-12-21T22:39:10+08:00"}
{"level":"info","msg":"init mail dialer successfully!","time":"2025-12-21T22:39:10+08:00"}
{"level":"info","msg":"KITEX: server listen at addr=[::]:8888","time":"2025-12-21T22:39:10+08:00"}
{"level":"info","msg":"start init db","time":"2025-12-21T22:49:16+08:00"}
{"level":"info","msg":"init db successfully!","time":"2025-12-21T22:49:16+08:00"}
{"level":"info","msg":"start init redis","time":"2025-12-21T22:49:16+08:00"}
{"level":"info","msg":"init redis successfully!","time":"2025-12-21T22:49:16+08:00"}
{"level":"info","msg":"start init id generator","time":"2025-12-21T22:49:16+08:00"}
{"level":"info","msg":"init id generator successfully!","time":"2025-12-21T22:49:16+08:00"}
{"level":"info","msg":"init mail dialer successfully!","time":"2025-12-21T22:49:16+08:00"}
{"level":"error","msg":"KITEX: server listen failed, addr=:8888 error=listen tcp :8888: bind: address already in use","time":"2025-12-21T22:49:16+08:00"}
{"level":"error","msg":"KITEX: server start error: error=listen tcp :8888: bind: address already in use","time":"2025-12-21T22:49:16+08:00"}
{"level":"info","msg":"KITEX: gRPC GracefulShutdown starts","time":"2025-12-21T22:49:21+08:00"}
{"level":"info","msg":"KITEX: gRPC GracefulShutdown ends","time":"2025-12-21T22:49:21+08:00"}
{"level":"info","msg":"start init db","time":"2025-12-21T22:49:23+08:00"}
{"level":"info","msg":"init db successfully!","time":"2025-12-21T22:49:23+08:00"}
{"level":"info","msg":"start init redis","time":"2025-12-21T22:49:23+08:00"}
{"level":"info","msg":"init redis successfully!","time":"2025-12-21T22:49:23+08:00"}
{"level":"info","msg":"start init id generator","time":"2025-12-21T22:49:23+08:00"}
{"level":"info","msg":"init id generator successfully!","time":"2025-12-21T22:49:23+08:00"}
{"level":"info","msg":"init mail dialer successfully!","time":"2025-12-21T22:49:23+08:00"}
{"level":"info","msg":"KITEX: server listen at addr=[::]:8888","time":"2025-12-21T22:49:23+08:00"}
{"level":"error","msg":"[DB] get first geo level error: record not found","time":"2025-12-21T22:49:26+08:00"}
{"level":"error","msg":"get current candidate failed: record not found","time":"2025-12-21T22:49:26+08:00"}
{"level":"info","msg":"KITEX: gRPC GracefulShutdown starts","time":"2025-12-21T22:55:00+08:00"}
{"level":"info","msg":"KITEX: gRPC GracefulShutdown ends","time":"2025-12-21T22:55:00+08:00"}
{"level":"info","msg":"start init db","time":"2025-12-21T22:55:50+08:00"}
{"level":"info","msg":"init db successfully!","time":"2025-12-21T22:55:50+08:00"}
{"level":"info","msg":"start init redis","time":"2025-12-21T22:55:50+08:00"}
{"level":"info","msg":"init redis successfully!","time":"2025-12-21T22:55:50+08:00"}
{"level":"info","msg":"start init id generator","time":"2025-12-21T22:55:50+08:00"}
{"level":"info","msg":"init id generator successfully!","time":"2025-12-21T22:55:50+08:00"}
{"level":"info","msg":"init mail dialer successfully!","time":"2025-12-21T22:55:50+08:00"}
{"level":"info","msg":"KITEX: server listen at addr=[::]:8888","time":"2025-12-21T22:55:50+08:00"}
{"level":"error","msg":"edit candidate failed: geo is invalid","time":"2025-12-21T22:55:57+08:00"}
{"level":"info","msg":"KITEX: gRPC GracefulShutdown starts","time":"2025-12-21T23:38:52+08:00"}
{"level":"info","msg":"KITEX: gRPC GracefulShutdown ends","time":"2025-12-21T23:38:52+08:00"}
