{"level":"info","msg":"start init db","time":"2025-12-21T11:45:39+08:00"}
{"level":"info","msg":"init db successfully!","time":"2025-12-21T11:45:39+08:00"}
{"level":"info","msg":"start init redis","time":"2025-12-21T11:45:39+08:00"}
{"level":"info","msg":"init redis successfully!","time":"2025-12-21T11:45:39+08:00"}
{"level":"info","msg":"start init id generator","time":"2025-12-21T11:45:39+08:00"}
{"level":"info","msg":"init id generator successfully!","time":"2025-12-21T11:45:39+08:00"}
{"level":"info","msg":"init mail dialer successfully!","time":"2025-12-21T11:45:39+08:00"}
{"level":"info","msg":"KITEX: server listen at addr=[::]:8888","time":"2025-12-21T11:45:39+08:00"}
{"level":"info","msg":"check if key exists: %!s(int64=0)","time":"2025-12-21T11:49:16+08:00"}
{"level":"info","msg":"send verify code with verify code: 646582","time":"2025-12-21T11:49:16+08:00"}
{"level":"info","msg":"[Mail Sender] send mail content: 尊敬的【用户】：\n您好！本次操作的验证码为：\n【 646582 】\n验证码有效期【有效期：5 分钟】，请尽快完成操作。\n如非本人操作，请忽略此邮件。\n感谢您使用【SparkHire】！\n【Ice Man】团队\n, from: 2473159069@qq.com, to: 13706531210@163.com","time":"2025-12-21T11:49:16+08:00"}
{"level":"info","msg":"KITEX: gRPC GracefulShutdown starts","time":"2025-12-21T11:50:18+08:00"}
{"level":"info","msg":"KITEX: gRPC GracefulShutdown ends","time":"2025-12-21T11:50:18+08:00"}
{"level":"info","msg":"start init db","time":"2025-12-21T11:50:24+08:00"}
{"level":"info","msg":"init db successfully!","time":"2025-12-21T11:50:24+08:00"}
{"level":"info","msg":"start init redis","time":"2025-12-21T11:50:24+08:00"}
{"level":"info","msg":"init redis successfully!","time":"2025-12-21T11:50:24+08:00"}
{"level":"info","msg":"start init id generator","time":"2025-12-21T11:50:24+08:00"}
{"level":"info","msg":"init id generator successfully!","time":"2025-12-21T11:50:24+08:00"}
{"level":"info","msg":"init mail dialer successfully!","time":"2025-12-21T11:50:24+08:00"}
{"level":"info","msg":"KITEX: server listen at addr=[::]:8888","time":"2025-12-21T11:50:24+08:00"}
{"level":"info","msg":"received ping request: PingRequest({Ping:\u003cnil\u003e Base:Base({LogID: Caller: Addr: Client: TrafficEnv:\u003cnil\u003e Extra:map[Accept:*/* Accept-Encoding:gzip, deflate, br Connection:keep-alive Content-Length:0 Host:localhost:8000 Postman-Token:e7867a54-1224-4a6b-b622-c9f520088bbe User-Agent:PostmanRuntime/7.29.0]})})","time":"2025-12-21T11:51:03+08:00"}
{"level":"info","msg":"KITEX: gRPC GracefulShutdown starts","time":"2025-12-21T11:51:46+08:00"}
{"level":"info","msg":"KITEX: gRPC GracefulShutdown ends","time":"2025-12-21T11:51:46+08:00"}
{"level":"info","msg":"start init db","time":"2025-12-21T11:51:53+08:00"}
{"level":"info","msg":"init db successfully!","time":"2025-12-21T11:51:53+08:00"}
{"level":"info","msg":"start init redis","time":"2025-12-21T11:51:53+08:00"}
{"level":"info","msg":"init redis successfully!","time":"2025-12-21T11:51:53+08:00"}
{"level":"info","msg":"start init id generator","time":"2025-12-21T11:51:53+08:00"}
{"level":"info","msg":"init id generator successfully!","time":"2025-12-21T11:51:53+08:00"}
{"level":"info","msg":"init mail dialer successfully!","time":"2025-12-21T11:51:53+08:00"}
{"level":"info","msg":"KITEX: server listen at addr=[::]:8888","time":"2025-12-21T11:51:53+08:00"}
{"level":"info","msg":"check if key exists: %!s(int64=1)","time":"2025-12-21T11:51:57+08:00"}
{"level":"info","msg":"KITEX: gRPC GracefulShutdown starts","time":"2025-12-21T12:26:21+08:00"}
{"level":"info","msg":"KITEX: gRPC GracefulShutdown ends","time":"2025-12-21T12:26:21+08:00"}
{"level":"info","msg":"start init db","time":"2025-12-21T23:38:51+08:00"}
{"level":"info","msg":"init db successfully!","time":"2025-12-21T23:38:51+08:00"}
{"level":"info","msg":"start init redis","time":"2025-12-21T23:38:51+08:00"}
{"level":"info","msg":"init redis successfully!","time":"2025-12-21T23:38:51+08:00"}
{"level":"info","msg":"start init id generator","time":"2025-12-21T23:38:51+08:00"}
{"level":"info","msg":"init id generator successfully!","time":"2025-12-21T23:38:51+08:00"}
{"level":"info","msg":"init mail dialer successfully!","time":"2025-12-21T23:38:51+08:00"}
{"level":"error","msg":"KITEX: server listen failed, addr=:8888 error=listen tcp :8888: bind: address already in use","time":"2025-12-21T23:38:51+08:00"}
{"level":"error","msg":"KITEX: server start error: error=listen tcp :8888: bind: address already in use","time":"2025-12-21T23:38:51+08:00"}
{"level":"info","msg":"start init db","time":"2025-12-21T23:38:54+08:00"}
{"level":"info","msg":"init db successfully!","time":"2025-12-21T23:38:54+08:00"}
{"level":"info","msg":"start init redis","time":"2025-12-21T23:38:54+08:00"}
{"level":"info","msg":"init redis successfully!","time":"2025-12-21T23:38:54+08:00"}
{"level":"info","msg":"start init id generator","time":"2025-12-21T23:38:54+08:00"}
{"level":"info","msg":"init id generator successfully!","time":"2025-12-21T23:38:54+08:00"}
{"level":"info","msg":"init mail dialer successfully!","time":"2025-12-21T23:38:54+08:00"}
{"level":"info","msg":"KITEX: server listen at addr=[::]:8888","time":"2025-12-21T23:38:54+08:00"}
{"level":"error","msg":"bind tags failed: tag id list is empty","time":"2025-12-21T23:39:38+08:00"}
{"level":"error","msg":"[DB] find candidate by id 2002745373474426880 error: record not found","time":"2025-12-21T23:40:29+08:00"}
{"level":"error","msg":"bind tags failed: record not found","time":"2025-12-21T23:40:29+08:00"}
{"level":"error","msg":"[DB] find candidate by id 2002745373474426880 error: record not found","time":"2025-12-21T23:40:51+08:00"}
{"level":"error","msg":"bind tags failed: record not found","time":"2025-12-21T23:40:51+08:00"}
{"level":"error","msg":"[DB] find candidate by id 2002745373474426880 error: record not found","time":"2025-12-21T23:40:59+08:00"}
{"level":"error","msg":"bind tags failed: record not found","time":"2025-12-21T23:40:59+08:00"}
{"level":"error","msg":"[DB] find candidate by id 2002745373474426880 error: record not found","time":"2025-12-21T23:41:07+08:00"}
{"level":"error","msg":"bind tags failed: record not found","time":"2025-12-21T23:41:44+08:00"}
{"level":"info","msg":"start init db","time":"2025-12-21T23:42:10+08:00"}
{"level":"info","msg":"init db successfully!","time":"2025-12-21T23:42:10+08:00"}
{"level":"info","msg":"start init redis","time":"2025-12-21T23:42:10+08:00"}
{"level":"info","msg":"init redis successfully!","time":"2025-12-21T23:42:10+08:00"}
{"level":"info","msg":"start init id generator","time":"2025-12-21T23:42:10+08:00"}
{"level":"info","msg":"init id generator successfully!","time":"2025-12-21T23:42:10+08:00"}
{"level":"info","msg":"init mail dialer successfully!","time":"2025-12-21T23:42:10+08:00"}
{"level":"error","msg":"KITEX: server listen failed, addr=:8888 error=listen tcp :8888: bind: address already in use","time":"2025-12-21T23:42:10+08:00"}
{"level":"error","msg":"KITEX: server start error: error=listen tcp :8888: bind: address already in use","time":"2025-12-21T23:42:10+08:00"}
{"level":"info","msg":"KITEX: gRPC GracefulShutdown starts","time":"2025-12-21T23:42:14+08:00"}
{"level":"info","msg":"KITEX: gRPC GracefulShutdown ends","time":"2025-12-21T23:42:14+08:00"}
{"level":"info","msg":"start init db","time":"2025-12-21T23:42:16+08:00"}
{"level":"info","msg":"init db successfully!","time":"2025-12-21T23:42:16+08:00"}
{"level":"info","msg":"start init redis","time":"2025-12-21T23:42:16+08:00"}
{"level":"info","msg":"init redis successfully!","time":"2025-12-21T23:42:16+08:00"}
{"level":"info","msg":"start init id generator","time":"2025-12-21T23:42:16+08:00"}
{"level":"info","msg":"init id generator successfully!","time":"2025-12-21T23:42:16+08:00"}
{"level":"info","msg":"init mail dialer successfully!","time":"2025-12-21T23:42:16+08:00"}
{"level":"info","msg":"KITEX: server listen at addr=[::]:8888","time":"2025-12-21T23:42:16+08:00"}
{"level":"info","msg":"KITEX: gRPC GracefulShutdown starts","time":"2025-12-21T23:44:14+08:00"}
{"level":"info","msg":"KITEX: gRPC GracefulShutdown ends","time":"2025-12-21T23:44:14+08:00"}
{"level":"info","msg":"start init db","time":"2025-12-21T23:44:16+08:00"}
{"level":"info","msg":"init db successfully!","time":"2025-12-21T23:44:16+08:00"}
{"level":"info","msg":"start init redis","time":"2025-12-21T23:44:16+08:00"}
{"level":"info","msg":"init redis successfully!","time":"2025-12-21T23:44:16+08:00"}
{"level":"info","msg":"start init id generator","time":"2025-12-21T23:44:16+08:00"}
{"level":"info","msg":"init id generator successfully!","time":"2025-12-21T23:44:16+08:00"}
{"level":"info","msg":"init mail dialer successfully!","time":"2025-12-21T23:44:16+08:00"}
{"level":"info","msg":"KITEX: server listen at addr=[::]:8888","time":"2025-12-21T23:44:16+08:00"}
{"level":"info","msg":"KITEX: gRPC GracefulShutdown starts","time":"2025-12-21T23:45:28+08:00"}
{"level":"info","msg":"KITEX: gRPC GracefulShutdown ends","time":"2025-12-21T23:45:28+08:00"}
{"level":"info","msg":"start init db","time":"2025-12-21T23:45:30+08:00"}
{"level":"info","msg":"init db successfully!","time":"2025-12-21T23:45:30+08:00"}
{"level":"info","msg":"start init redis","time":"2025-12-21T23:45:30+08:00"}
{"level":"info","msg":"init redis successfully!","time":"2025-12-21T23:45:30+08:00"}
{"level":"info","msg":"start init id generator","time":"2025-12-21T23:45:30+08:00"}
{"level":"info","msg":"init id generator successfully!","time":"2025-12-21T23:45:30+08:00"}
{"level":"info","msg":"init mail dialer successfully!","time":"2025-12-21T23:45:30+08:00"}
{"level":"info","msg":"KITEX: server listen at addr=[::]:8888","time":"2025-12-21T23:45:30+08:00"}
{"level":"info","msg":"KITEX: gRPC GracefulShutdown starts","time":"2025-12-21T23:46:15+08:00"}
{"level":"info","msg":"KITEX: gRPC GracefulShutdown ends","time":"2025-12-21T23:46:15+08:00"}
{"level":"info","msg":"start init db","time":"2025-12-21T23:46:18+08:00"}
{"level":"info","msg":"init db successfully!","time":"2025-12-21T23:46:18+08:00"}
{"level":"info","msg":"start init redis","time":"2025-12-21T23:46:18+08:00"}
{"level":"info","msg":"init redis successfully!","time":"2025-12-21T23:46:18+08:00"}
{"level":"info","msg":"start init id generator","time":"2025-12-21T23:46:18+08:00"}
{"level":"info","msg":"init id generator successfully!","time":"2025-12-21T23:46:18+08:00"}
{"level":"info","msg":"init mail dialer successfully!","time":"2025-12-21T23:46:18+08:00"}
{"level":"info","msg":"KITEX: server listen at addr=[::]:8888","time":"2025-12-21T23:46:18+08:00"}
{"level":"info","msg":"KITEX: gRPC GracefulShutdown starts","time":"2025-12-21T23:47:08+08:00"}
{"level":"info","msg":"KITEX: gRPC GracefulShutdown ends","time":"2025-12-21T23:47:08+08:00"}
{"level":"info","msg":"start init db","time":"2025-12-21T23:47:11+08:00"}
{"level":"info","msg":"init db successfully!","time":"2025-12-21T23:47:11+08:00"}
{"level":"info","msg":"start init redis","time":"2025-12-21T23:47:11+08:00"}
{"level":"info","msg":"init redis successfully!","time":"2025-12-21T23:47:11+08:00"}
{"level":"info","msg":"start init id generator","time":"2025-12-21T23:47:11+08:00"}
{"level":"info","msg":"init id generator successfully!","time":"2025-12-21T23:47:11+08:00"}
{"level":"info","msg":"init mail dialer successfully!","time":"2025-12-21T23:47:11+08:00"}
{"level":"info","msg":"KITEX: server listen at addr=[::]:8888","time":"2025-12-21T23:47:11+08:00"}
{"level":"info","msg":"KITEX: gRPC GracefulShutdown starts","time":"2025-12-21T23:47:40+08:00"}
{"level":"info","msg":"KITEX: gRPC GracefulShutdown ends","time":"2025-12-21T23:47:40+08:00"}
{"level":"info","msg":"start init db","time":"2025-12-21T23:47:43+08:00"}
{"level":"info","msg":"init db successfully!","time":"2025-12-21T23:47:43+08:00"}
{"level":"info","msg":"start init redis","time":"2025-12-21T23:47:43+08:00"}
{"level":"info","msg":"init redis successfully!","time":"2025-12-21T23:47:43+08:00"}
{"level":"info","msg":"start init id generator","time":"2025-12-21T23:47:43+08:00"}
{"level":"info","msg":"init id generator successfully!","time":"2025-12-21T23:47:43+08:00"}
{"level":"info","msg":"init mail dialer successfully!","time":"2025-12-21T23:47:43+08:00"}
{"level":"info","msg":"KITEX: server listen at addr=[::]:8888","time":"2025-12-21T23:47:43+08:00"}
{"level":"error","msg":"[DB] add tag rel error: empty slice found","time":"2025-12-21T23:47:45+08:00"}
{"level":"error","msg":"bind tags failed: empty slice found","time":"2025-12-21T23:47:45+08:00"}
{"level":"error","msg":"[DB] add tag rel error: empty slice found","time":"2025-12-21T23:47:46+08:00"}
{"level":"error","msg":"bind tags failed: empty slice found","time":"2025-12-21T23:47:46+08:00"}
{"level":"error","msg":"[DB] add tag rel error: empty slice found","time":"2025-12-21T23:48:04+08:00"}
{"level":"error","msg":"bind tags failed: empty slice found","time":"2025-12-21T23:48:07+08:00"}
{"level":"info","msg":"KITEX: gRPC GracefulShutdown starts","time":"2025-12-24T22:17:21+08:00"}
{"level":"info","msg":"KITEX: gRPC GracefulShutdown ends","time":"2025-12-24T22:17:21+08:00"}
