{"level":"info","msg":"start init db","time":"2025-12-26T00:00:53+08:00"}
{"level":"info","msg":"init db successfully!","time":"2025-12-26T00:00:53+08:00"}
{"level":"info","msg":"start init redis","time":"2025-12-26T00:00:53+08:00"}
{"level":"info","msg":"init redis successfully!","time":"2025-12-26T00:00:53+08:00"}
{"level":"info","msg":"start init id generator","time":"2025-12-26T00:00:53+08:00"}
{"level":"info","msg":"init id generator successfully!","time":"2025-12-26T00:00:53+08:00"}
{"level":"info","msg":"init mail dialer successfully!","time":"2025-12-26T00:00:53+08:00"}
{"level":"info","msg":"KITEX: server listen at addr=[::]:8888","time":"2025-12-26T00:00:53+08:00"}
{"level":"error","msg":"create education exp failed: begin year can not later than end year","time":"2025-12-26T00:04:33+08:00"}
{"level":"info","msg":"KITEX: gRPC GracefulShutdown starts","time":"2025-12-26T00:04:51+08:00"}
{"level":"info","msg":"KITEX: gRPC GracefulShutdown ends","time":"2025-12-26T00:04:51+08:00"}
{"level":"info","msg":"start init db","time":"2025-12-26T00:04:54+08:00"}
{"level":"info","msg":"init db successfully!","time":"2025-12-26T00:04:54+08:00"}
{"level":"info","msg":"start init redis","time":"2025-12-26T00:04:54+08:00"}
{"level":"info","msg":"init redis successfully!","time":"2025-12-26T00:04:54+08:00"}
{"level":"info","msg":"start init id generator","time":"2025-12-26T00:04:54+08:00"}
{"level":"info","msg":"init id generator successfully!","time":"2025-12-26T00:04:54+08:00"}
{"level":"info","msg":"init mail dialer successfully!","time":"2025-12-26T00:04:54+08:00"}
{"level":"info","msg":"KITEX: server listen at addr=[::]:8888","time":"2025-12-26T00:04:54+08:00"}
{"level":"info","msg":"KITEX: gRPC GracefulShutdown starts","time":"2025-12-26T00:05:46+08:00"}
{"level":"info","msg":"KITEX: gRPC GracefulShutdown ends","time":"2025-12-26T00:05:46+08:00"}
