{"level":"info","msg":"start init db","time":"2025-12-27T13:02:37+08:00"}
{"level":"info","msg":"init db successfully!","time":"2025-12-27T13:02:37+08:00"}
{"level":"info","msg":"start init redis","time":"2025-12-27T13:02:37+08:00"}
{"level":"info","msg":"init redis successfully!","time":"2025-12-27T13:02:37+08:00"}
{"level":"info","msg":"start init id generator","time":"2025-12-27T13:02:37+08:00"}
{"level":"info","msg":"init id generator successfully!","time":"2025-12-27T13:02:37+08:00"}
{"level":"info","msg":"init mail dialer successfully!","time":"2025-12-27T13:02:37+08:00"}
{"level":"info","msg":"KITEX: server listen at addr=[::]:8888","time":"2025-12-27T13:02:37+08:00"}
{"level":"error","msg":"get current education exp failed: user is not candidate","time":"2025-12-27T13:03:03+08:00"}
{"level":"info","msg":"KITEX: gRPC GracefulShutdown starts","time":"2025-12-27T13:03:17+08:00"}
{"level":"info","msg":"KITEX: gRPC GracefulShutdown ends","time":"2025-12-27T13:03:17+08:00"}
{"level":"info","msg":"start init db","time":"2025-12-27T13:03:20+08:00"}
{"level":"info","msg":"init db successfully!","time":"2025-12-27T13:03:20+08:00"}
{"level":"info","msg":"start init redis","time":"2025-12-27T13:03:20+08:00"}
{"level":"info","msg":"init redis successfully!","time":"2025-12-27T13:03:20+08:00"}
{"level":"info","msg":"start init id generator","time":"2025-12-27T13:03:20+08:00"}
{"level":"info","msg":"init id generator successfully!","time":"2025-12-27T13:03:20+08:00"}
{"level":"info","msg":"init mail dialer successfully!","time":"2025-12-27T13:03:20+08:00"}
{"level":"info","msg":"KITEX: server listen at addr=[::]:8888","time":"2025-12-27T13:03:20+08:00"}
{"level":"error","msg":"get current education exp failed: user is not candidate","time":"2025-12-27T13:03:34+08:00"}
{"level":"info","msg":"KITEX: gRPC GracefulShutdown starts","time":"2025-12-27T13:03:36+08:00"}
{"level":"info","msg":"KITEX: gRPC GracefulShutdown ends","time":"2025-12-27T13:03:36+08:00"}
{"level":"info","msg":"start init db","time":"2025-12-27T13:03:51+08:00"}
{"level":"info","msg":"init db successfully!","time":"2025-12-27T13:03:51+08:00"}
{"level":"info","msg":"start init redis","time":"2025-12-27T13:03:51+08:00"}
{"level":"info","msg":"init redis successfully!","time":"2025-12-27T13:03:51+08:00"}
{"level":"info","msg":"start init id generator","time":"2025-12-27T13:03:51+08:00"}
{"level":"info","msg":"init id generator successfully!","time":"2025-12-27T13:03:51+08:00"}
{"level":"info","msg":"init mail dialer successfully!","time":"2025-12-27T13:03:51+08:00"}
{"level":"info","msg":"KITEX: server listen at addr=[::]:8888","time":"2025-12-27T13:03:51+08:00"}
{"level":"error","msg":"get current education exp failed: user is not candidate","time":"2025-12-27T13:04:45+08:00"}
{"level":"error","msg":"get current education exp failed: user is not candidate","time":"2025-12-27T13:04:49+08:00"}
{"level":"error","msg":"get current education exp failed: user is not candidate","time":"2025-12-27T13:05:18+08:00"}
{"level":"info","msg":"KITEX: gRPC GracefulShutdown starts","time":"2025-12-27T13:05:18+08:00"}
{"level":"info","msg":"KITEX: gRPC GracefulShutdown ends","time":"2025-12-27T13:05:18+08:00"}
{"level":"info","msg":"start init db","time":"2025-12-27T13:05:21+08:00"}
{"level":"info","msg":"init db successfully!","time":"2025-12-27T13:05:21+08:00"}
{"level":"info","msg":"start init redis","time":"2025-12-27T13:05:21+08:00"}
{"level":"info","msg":"init redis successfully!","time":"2025-12-27T13:05:21+08:00"}
{"level":"info","msg":"start init id generator","time":"2025-12-27T13:05:21+08:00"}
{"level":"info","msg":"init id generator successfully!","time":"2025-12-27T13:05:21+08:00"}
{"level":"info","msg":"init mail dialer successfully!","time":"2025-12-27T13:05:21+08:00"}
{"level":"info","msg":"KITEX: server listen at addr=[::]:8888","time":"2025-12-27T13:05:21+08:00"}
{"level":"info","msg":"KITEX: gRPC GracefulShutdown starts","time":"2025-12-27T14:09:16+08:00"}
{"level":"info","msg":"KITEX: gRPC GracefulShutdown ends","time":"2025-12-27T14:09:16+08:00"}
