{"level":"info","msg":"start init db","time":"2025-12-28T17:07:21+08:00"}
{"level":"info","msg":"init db successfully!","time":"2025-12-28T17:07:21+08:00"}
{"level":"info","msg":"start init redis","time":"2025-12-28T17:07:21+08:00"}
{"level":"info","msg":"init redis successfully!","time":"2025-12-28T17:07:21+08:00"}
{"level":"info","msg":"start init id generator","time":"2025-12-28T17:07:21+08:00"}
{"level":"info","msg":"init id generator successfully!","time":"2025-12-28T17:07:21+08:00"}
{"level":"info","msg":"init mail dialer successfully!","time":"2025-12-28T17:07:21+08:00"}
{"level":"info","msg":"KITEX: server listen at addr=[::]:8888","time":"2025-12-28T17:07:21+08:00"}
{"level":"error","msg":"token parse error: token signature is invalid: signature is invalid","time":"2025-12-28T17:07:40+08:00"}
{"level":"error","msg":"token parse error: token signature is invalid: signature is invalid","time":"2025-12-28T17:09:34+08:00"}
{"level":"info","msg":"KITEX: gRPC GracefulShutdown starts","time":"2025-12-28T17:10:18+08:00"}
{"level":"info","msg":"KITEX: gRPC GracefulShutdown ends","time":"2025-12-28T17:10:18+08:00"}
{"level":"info","msg":"start init db","time":"2025-12-28T17:10:41+08:00"}
{"level":"info","msg":"init db successfully!","time":"2025-12-28T17:10:41+08:00"}
{"level":"info","msg":"start init redis","time":"2025-12-28T17:10:41+08:00"}
{"level":"info","msg":"init redis successfully!","time":"2025-12-28T17:10:41+08:00"}
{"level":"info","msg":"start init id generator","time":"2025-12-28T17:10:41+08:00"}
{"level":"info","msg":"init id generator successfully!","time":"2025-12-28T17:10:41+08:00"}
{"level":"info","msg":"init mail dialer successfully!","time":"2025-12-28T17:10:41+08:00"}
{"level":"info","msg":"KITEX: server listen at addr=[::]:8888","time":"2025-12-28T17:10:41+08:00"}
{"level":"info","msg":"check if key exists: %!s(int64=0)","time":"2025-12-28T17:10:49+08:00"}
{"level":"info","msg":"send verify code with verify code: 303879","time":"2025-12-28T17:10:49+08:00"}
{"level":"info","msg":"[Mail Sender] send mail content: 尊敬的【用户】：\n您好！本次操作的验证码为：\n【 303879 】\n验证码有效期【有效期：5 分钟】，请尽快完成操作。\n如非本人操作，请忽略此邮件。\n感谢您使用【SparkHire】！\n【Ice Man】团队\n, from: 2473159069@qq.com, to: 13706531210@163.com","time":"2025-12-28T17:10:49+08:00"}
{"level":"info","msg":"check if key exists: %!s(int64=1)","time":"2025-12-28T17:11:12+08:00"}
{"level":"error","msg":"token parse error: token signature is invalid: signature is invalid","time":"2025-12-28T17:12:37+08:00"}
{"level":"info","msg":"check if key exists: %!s(int64=0)","time":"2025-12-28T17:13:07+08:00"}
{"level":"info","msg":"send verify code with verify code: 956391","time":"2025-12-28T17:13:07+08:00"}
{"level":"info","msg":"[Mail Sender] send mail content: 尊敬的【用户】：\n您好！本次操作的验证码为：\n【 956391 】\n验证码有效期【有效期：5 分钟】，请尽快完成操作。\n如非本人操作，请忽略此邮件。\n感谢您使用【SparkHire】！\n【Ice Man】团队\n, from: 2473159069@qq.com, to: 13706531210@163.com","time":"2025-12-28T17:13:07+08:00"}
{"level":"info","msg":"check if key exists: %!s(int64=1)","time":"2025-12-28T17:14:20+08:00"}
{"level":"error","msg":"token parse error: token signature is invalid: signature is invalid","time":"2025-12-28T17:15:16+08:00"}
{"level":"info","msg":"check if key exists: %!s(int64=0)","time":"2025-12-28T17:16:14+08:00"}
{"level":"info","msg":"send verify code with verify code: 501733","time":"2025-12-28T17:16:14+08:00"}
{"level":"info","msg":"[Mail Sender] send mail content: 尊敬的【用户】：\n您好！本次操作的验证码为：\n【 501733 】\n验证码有效期【有效期：5 分钟】，请尽快完成操作。\n如非本人操作，请忽略此邮件。\n感谢您使用【SparkHire】！\n【Ice Man】团队\n, from: 2473159069@qq.com, to: 2473159069@qq.com","time":"2025-12-28T17:16:14+08:00"}
{"level":"error","msg":"token parse error: token signature is invalid: signature is invalid","time":"2025-12-28T17:22:17+08:00"}
{"level":"info","msg":"check if key exists: %!s(int64=0)","time":"2025-12-28T17:23:52+08:00"}
{"level":"info","msg":"send verify code with verify code: 187621","time":"2025-12-28T17:23:52+08:00"}
{"level":"info","msg":"[Mail Sender] send mail content: 尊敬的【用户】：\n您好！本次操作的验证码为：\n【 187621 】\n验证码有效期【有效期：5 分钟】，请尽快完成操作。\n如非本人操作，请忽略此邮件。\n感谢您使用【SparkHire】！\n【Ice Man】团队\n, from: 2473159069@qq.com, to: 13706531210@163.com","time":"2025-12-28T17:23:52+08:00"}
{"level":"error","msg":"token parse error: token signature is invalid: signature is invalid","time":"2025-12-28T17:24:20+08:00"}
{"level":"error","msg":"token parse error: token signature is invalid: signature is invalid","time":"2025-12-28T17:27:24+08:00"}
{"level":"info","msg":"check if key exists: %!s(int64=0)","time":"2025-12-28T17:27:44+08:00"}
{"level":"info","msg":"send verify code with verify code: 899455","time":"2025-12-28T17:27:44+08:00"}
{"level":"info","msg":"[Mail Sender] send mail content: 尊敬的【用户】：\n您好！本次操作的验证码为：\n【 899455 】\n验证码有效期【有效期：5 分钟】，请尽快完成操作。\n如非本人操作，请忽略此邮件。\n感谢您使用【SparkHire】！\n【Ice Man】团队\n, from: 2473159069@qq.com, to: 13706531210@163.com","time":"2025-12-28T17:27:44+08:00"}
{"level":"error","msg":"token parse error: token signature is invalid: signature is invalid","time":"2025-12-28T17:27:55+08:00"}
{"level":"info","msg":"check if key exists: %!s(int64=0)","time":"2025-12-28T17:29:25+08:00"}
{"level":"info","msg":"send verify code with verify code: 402405","time":"2025-12-28T17:29:25+08:00"}
{"level":"info","msg":"[Mail Sender] send mail content: 尊敬的【用户】：\n您好！本次操作的验证码为：\n【 402405 】\n验证码有效期【有效期：5 分钟】，请尽快完成操作。\n如非本人操作，请忽略此邮件。\n感谢您使用【SparkHire】！\n【Ice Man】团队\n, from: 2473159069@qq.com, to: 13706531210@163.com","time":"2025-12-28T17:29:25+08:00"}
{"level":"info","msg":"check if key exists: %!s(int64=1)","time":"2025-12-28T17:29:41+08:00"}
{"level":"info","msg":"KITEX: gRPC GracefulShutdown starts","time":"2025-12-28T21:50:12+08:00"}
{"level":"info","msg":"KITEX: gRPC GracefulShutdown ends","time":"2025-12-28T21:50:12+08:00"}
