{"level":"info","msg":"start init db","time":"2025-12-28T21:50:35+08:00"}
{"level":"info","msg":"init db successfully!","time":"2025-12-28T21:50:35+08:00"}
{"level":"info","msg":"start init redis","time":"2025-12-28T21:50:35+08:00"}
{"level":"info","msg":"init redis successfully!","time":"2025-12-28T21:50:35+08:00"}
{"level":"info","msg":"start init id generator","time":"2025-12-28T21:50:35+08:00"}
{"level":"info","msg":"init id generator successfully!","time":"2025-12-28T21:50:35+08:00"}
{"level":"info","msg":"init mail dialer successfully!","time":"2025-12-28T21:50:35+08:00"}
{"level":"info","msg":"start init tos","time":"2025-12-28T21:50:35+08:00"}
{"level":"error","msg":"[TOS] init tos error: tos: request error:  Message=tos: missing Region option, RequestID=, EC=","time":"2025-12-28T21:50:35+08:00"}
{"level":"error","msg":"init tos err: tos: request error:  Message=tos: missing Region option, RequestID=, EC=","time":"2025-12-28T21:50:35+08:00"}
{"level":"info","msg":"start init db","time":"2025-12-28T21:51:17+08:00"}
{"level":"info","msg":"init db successfully!","time":"2025-12-28T21:51:17+08:00"}
{"level":"info","msg":"start init redis","time":"2025-12-28T21:51:17+08:00"}
{"level":"info","msg":"init redis successfully!","time":"2025-12-28T21:51:17+08:00"}
{"level":"info","msg":"start init id generator","time":"2025-12-28T21:51:17+08:00"}
{"level":"info","msg":"init id generator successfully!","time":"2025-12-28T21:51:17+08:00"}
{"level":"info","msg":"init mail dialer successfully!","time":"2025-12-28T21:51:17+08:00"}
{"level":"info","msg":"start init tos","time":"2025-12-28T21:51:17+08:00"}
{"level":"info","msg":"init tos successfully!","time":"2025-12-28T21:51:17+08:00"}
{"level":"info","msg":"KITEX: server listen at addr=[::]:8888","time":"2025-12-28T21:51:17+08:00"}
{"level":"info","msg":"KITEX: gRPC GracefulShutdown starts","time":"2025-12-28T21:51:24+08:00"}
{"level":"info","msg":"KITEX: gRPC GracefulShutdown ends","time":"2025-12-28T21:51:24+08:00"}
{"level":"info","msg":"start init db","time":"2025-12-28T21:51:26+08:00"}
{"level":"info","msg":"init db successfully!","time":"2025-12-28T21:51:26+08:00"}
{"level":"info","msg":"start init redis","time":"2025-12-28T21:51:26+08:00"}
{"level":"info","msg":"init redis successfully!","time":"2025-12-28T21:51:26+08:00"}
{"level":"info","msg":"start init id generator","time":"2025-12-28T21:51:26+08:00"}
{"level":"info","msg":"init id generator successfully!","time":"2025-12-28T21:51:26+08:00"}
{"level":"info","msg":"init mail dialer successfully!","time":"2025-12-28T21:51:26+08:00"}
{"level":"info","msg":"start init tos","time":"2025-12-28T21:51:26+08:00"}
{"level":"error","msg":"[TOS] init tos error: tos: request error:  Message=tos: missing Region option, RequestID=, EC=","time":"2025-12-28T21:51:26+08:00"}
{"level":"error","msg":"init tos err: tos: request error:  Message=tos: missing Region option, RequestID=, EC=","time":"2025-12-28T21:51:26+08:00"}
{"level":"info","msg":"start init db","time":"2025-12-28T21:52:57+08:00"}
{"level":"info","msg":"init db successfully!","time":"2025-12-28T21:52:57+08:00"}
{"level":"info","msg":"start init redis","time":"2025-12-28T21:52:57+08:00"}
{"level":"info","msg":"init redis successfully!","time":"2025-12-28T21:52:57+08:00"}
{"level":"info","msg":"start init id generator","time":"2025-12-28T21:52:57+08:00"}
{"level":"info","msg":"init id generator successfully!","time":"2025-12-28T21:52:57+08:00"}
{"level":"info","msg":"init mail dialer successfully!","time":"2025-12-28T21:52:57+08:00"}
{"level":"info","msg":"start init tos","time":"2025-12-28T21:52:57+08:00"}
{"level":"error","msg":"[TOS] init tos error: tos: request error:  Message=tos: missing Region option, RequestID=, EC=","time":"2025-12-28T21:52:57+08:00"}
{"level":"error","msg":"init tos err: tos: request error:  Message=tos: missing Region option, RequestID=, EC=","time":"2025-12-28T21:52:57+08:00"}
{"level":"info","msg":"start init db","time":"2025-12-28T21:53:55+08:00"}
{"level":"info","msg":"init db successfully!","time":"2025-12-28T21:53:55+08:00"}
{"level":"info","msg":"start init redis","time":"2025-12-28T21:53:55+08:00"}
{"level":"info","msg":"init redis successfully!","time":"2025-12-28T21:53:55+08:00"}
{"level":"info","msg":"start init id generator","time":"2025-12-28T21:53:55+08:00"}
{"level":"info","msg":"init id generator successfully!","time":"2025-12-28T21:53:55+08:00"}
{"level":"info","msg":"init mail dialer successfully!","time":"2025-12-28T21:53:55+08:00"}
{"level":"info","msg":"start init tos","time":"2025-12-28T21:53:55+08:00"}
{"level":"info","msg":"init tos successfully!","time":"2025-12-28T21:53:55+08:00"}
{"level":"info","msg":"KITEX: server listen at addr=[::]:8888","time":"2025-12-28T21:53:55+08:00"}
{"level":"info","msg":"KITEX: gRPC GracefulShutdown starts","time":"2025-12-28T21:54:00+08:00"}
{"level":"info","msg":"KITEX: gRPC GracefulShutdown ends","time":"2025-12-28T21:54:00+08:00"}
