{"level":"info","msg":"start init db","time":"2025-12-28T23:26:08+08:00"}
{"level":"info","msg":"init db successfully!","time":"2025-12-28T23:26:08+08:00"}
{"level":"info","msg":"start init redis","time":"2025-12-28T23:26:08+08:00"}
{"level":"info","msg":"init redis successfully!","time":"2025-12-28T23:26:08+08:00"}
{"level":"info","msg":"start init id generator","time":"2025-12-28T23:26:08+08:00"}
{"level":"info","msg":"init id generator successfully!","time":"2025-12-28T23:26:08+08:00"}
{"level":"info","msg":"start init mail","time":"2025-12-28T23:26:08+08:00"}
{"level":"info","msg":"init mail dialer successfully!","time":"2025-12-28T23:26:08+08:00"}
{"level":"info","msg":"init mail successfully!","time":"2025-12-28T23:26:08+08:00"}
{"level":"info","msg":"start init tos","time":"2025-12-28T23:26:08+08:00"}
{"level":"info","msg":"init tos successfully!","time":"2025-12-28T23:26:08+08:00"}
{"level":"info","msg":"KITEX: server listen at addr=[::]:8888","time":"2025-12-28T23:26:08+08:00"}
{"level":"info","msg":"KITEX: gRPC GracefulShutdown starts","time":"2025-12-28T23:31:14+08:00"}
{"level":"info","msg":"KITEX: gRPC GracefulShutdown ends","time":"2025-12-28T23:31:14+08:00"}
{"level":"info","msg":"start init db","time":"2025-12-28T23:31:17+08:00"}
{"level":"info","msg":"init db successfully!","time":"2025-12-28T23:31:17+08:00"}
{"level":"info","msg":"start init redis","time":"2025-12-28T23:31:17+08:00"}
{"level":"info","msg":"init redis successfully!","time":"2025-12-28T23:31:17+08:00"}
{"level":"info","msg":"start init id generator","time":"2025-12-28T23:31:17+08:00"}
{"level":"info","msg":"init id generator successfully!","time":"2025-12-28T23:31:17+08:00"}
{"level":"info","msg":"start init mail","time":"2025-12-28T23:31:17+08:00"}
{"level":"info","msg":"init mail dialer successfully!","time":"2025-12-28T23:31:17+08:00"}
{"level":"info","msg":"init mail successfully!","time":"2025-12-28T23:31:17+08:00"}
{"level":"info","msg":"start init tos","time":"2025-12-28T23:31:17+08:00"}
{"level":"info","msg":"init tos successfully!","time":"2025-12-28T23:31:17+08:00"}
{"level":"info","msg":"KITEX: server listen at addr=[::]:8888","time":"2025-12-28T23:31:17+08:00"}
{"level":"info","msg":"KITEX: gRPC GracefulShutdown starts","time":"2025-12-28T23:31:25+08:00"}
{"level":"info","msg":"KITEX: gRPC GracefulShutdown ends","time":"2025-12-28T23:31:25+08:00"}
{"level":"info","msg":"start init db","time":"2025-12-28T23:31:27+08:00"}
{"level":"info","msg":"init db successfully!","time":"2025-12-28T23:31:27+08:00"}
{"level":"info","msg":"start init redis","time":"2025-12-28T23:31:27+08:00"}
{"level":"info","msg":"init redis successfully!","time":"2025-12-28T23:31:27+08:00"}
{"level":"info","msg":"start init id generator","time":"2025-12-28T23:31:27+08:00"}
{"level":"info","msg":"init id generator successfully!","time":"2025-12-28T23:31:27+08:00"}
{"level":"info","msg":"start init mail","time":"2025-12-28T23:31:27+08:00"}
{"level":"info","msg":"init mail dialer successfully!","time":"2025-12-28T23:31:27+08:00"}
{"level":"info","msg":"init mail successfully!","time":"2025-12-28T23:31:27+08:00"}
{"level":"info","msg":"start init tos","time":"2025-12-28T23:31:27+08:00"}
{"level":"info","msg":"init tos successfully!","time":"2025-12-28T23:31:27+08:00"}
{"level":"info","msg":"KITEX: server listen at addr=[::]:8888","time":"2025-12-28T23:31:27+08:00"}
{"level":"info","msg":"KITEX: gRPC GracefulShutdown starts","time":"2025-12-28T23:32:13+08:00"}
{"level":"info","msg":"KITEX: gRPC GracefulShutdown ends","time":"2025-12-28T23:32:13+08:00"}
{"level":"info","msg":"start init db","time":"2025-12-28T23:32:19+08:00"}
{"level":"info","msg":"init db successfully!","time":"2025-12-28T23:32:19+08:00"}
{"level":"info","msg":"start init redis","time":"2025-12-28T23:32:19+08:00"}
{"level":"info","msg":"init redis successfully!","time":"2025-12-28T23:32:19+08:00"}
{"level":"info","msg":"start init id generator","time":"2025-12-28T23:32:19+08:00"}
{"level":"info","msg":"init id generator successfully!","time":"2025-12-28T23:32:19+08:00"}
{"level":"info","msg":"start init mail","time":"2025-12-28T23:32:19+08:00"}
{"level":"info","msg":"init mail dialer successfully!","time":"2025-12-28T23:32:19+08:00"}
{"level":"info","msg":"init mail successfully!","time":"2025-12-28T23:32:19+08:00"}
{"level":"info","msg":"start init tos","time":"2025-12-28T23:32:19+08:00"}
{"level":"info","msg":"init tos successfully!","time":"2025-12-28T23:32:19+08:00"}
{"level":"info","msg":"KITEX: server listen at addr=[::]:8888","time":"2025-12-28T23:32:19+08:00"}
{"level":"info","msg":"KITEX: gRPC GracefulShutdown starts","time":"2025-12-28T23:32:43+08:00"}
{"level":"info","msg":"KITEX: gRPC GracefulShutdown ends","time":"2025-12-28T23:32:43+08:00"}
{"level":"info","msg":"start init db","time":"2025-12-28T23:32:47+08:00"}
{"level":"info","msg":"init db successfully!","time":"2025-12-28T23:32:47+08:00"}
{"level":"info","msg":"start init redis","time":"2025-12-28T23:32:47+08:00"}
{"level":"info","msg":"init redis successfully!","time":"2025-12-28T23:32:47+08:00"}
{"level":"info","msg":"start init id generator","time":"2025-12-28T23:32:47+08:00"}
{"level":"info","msg":"init id generator successfully!","time":"2025-12-28T23:32:47+08:00"}
{"level":"info","msg":"start init mail","time":"2025-12-28T23:32:47+08:00"}
{"level":"info","msg":"init mail dialer successfully!","time":"2025-12-28T23:32:47+08:00"}
{"level":"info","msg":"init mail successfully!","time":"2025-12-28T23:32:47+08:00"}
{"level":"info","msg":"start init tos","time":"2025-12-28T23:32:47+08:00"}
{"level":"info","msg":"init tos successfully!","time":"2025-12-28T23:32:47+08:00"}
{"level":"info","msg":"KITEX: server listen at addr=[::]:8888","time":"2025-12-28T23:32:47+08:00"}
{"level":"info","msg":"KITEX: gRPC GracefulShutdown starts","time":"2025-12-29T21:22:42+08:00"}
{"level":"info","msg":"KITEX: gRPC GracefulShutdown ends","time":"2025-12-29T21:22:42+08:00"}
