{"level":"info","msg":"start init db","time":"2025-12-28T22:01:27+08:00"}
{"level":"info","msg":"init db successfully!","time":"2025-12-28T22:01:27+08:00"}
{"level":"info","msg":"start init redis","time":"2025-12-28T22:01:27+08:00"}
{"level":"info","msg":"init redis successfully!","time":"2025-12-28T22:01:27+08:00"}
{"level":"info","msg":"start init id generator","time":"2025-12-28T22:01:27+08:00"}
{"level":"info","msg":"init id generator successfully!","time":"2025-12-28T22:01:27+08:00"}
{"level":"info","msg":"start init tos","time":"2025-12-28T22:01:27+08:00"}
{"level":"info","msg":"init tos successfully!","time":"2025-12-28T22:01:27+08:00"}
{"level":"info","msg":"KITEX: server listen at addr=[::]:8888","time":"2025-12-28T22:01:27+08:00"}
{"level":"info","msg":"KITEX: gRPC GracefulShutdown starts","time":"2025-12-28T22:01:31+08:00"}
{"level":"info","msg":"KITEX: gRPC GracefulShutdown ends","time":"2025-12-28T22:01:32+08:00"}
{"level":"info","msg":"start init db","time":"2025-12-28T22:08:22+08:00"}
{"level":"info","msg":"init db successfully!","time":"2025-12-28T22:08:22+08:00"}
{"level":"info","msg":"start init redis","time":"2025-12-28T22:08:22+08:00"}
{"level":"info","msg":"init redis successfully!","time":"2025-12-28T22:08:22+08:00"}
{"level":"info","msg":"start init id generator","time":"2025-12-28T22:08:22+08:00"}
{"level":"info","msg":"init id generator successfully!","time":"2025-12-28T22:08:22+08:00"}
{"level":"info","msg":"start init mail","time":"2025-12-28T22:08:22+08:00"}
{"level":"error","msg":"init mail err: QQ_EMAIL_PORT parse error","time":"2025-12-28T22:08:22+08:00"}
{"level":"info","msg":"start init db","time":"2025-12-28T22:08:47+08:00"}
{"level":"info","msg":"init db successfully!","time":"2025-12-28T22:08:47+08:00"}
{"level":"info","msg":"start init redis","time":"2025-12-28T22:08:47+08:00"}
{"level":"info","msg":"init redis successfully!","time":"2025-12-28T22:08:47+08:00"}
{"level":"info","msg":"start init id generator","time":"2025-12-28T22:08:47+08:00"}
{"level":"info","msg":"init id generator successfully!","time":"2025-12-28T22:08:47+08:00"}
{"level":"info","msg":"start init mail","time":"2025-12-28T22:08:47+08:00"}
{"level":"error","msg":"init mail err: QQ_EMAIL_PORT parse error","time":"2025-12-28T22:09:03+08:00"}
{"level":"info","msg":"start init db","time":"2025-12-28T22:09:47+08:00"}
{"level":"info","msg":"init db successfully!","time":"2025-12-28T22:09:47+08:00"}
{"level":"info","msg":"start init redis","time":"2025-12-28T22:09:47+08:00"}
{"level":"info","msg":"init redis successfully!","time":"2025-12-28T22:09:47+08:00"}
{"level":"info","msg":"start init id generator","time":"2025-12-28T22:09:47+08:00"}
{"level":"info","msg":"init id generator successfully!","time":"2025-12-28T22:09:47+08:00"}
{"level":"info","msg":"start init mail","time":"2025-12-28T22:09:47+08:00"}
{"level":"info","msg":"init mail dialer successfully!","time":"2025-12-28T22:09:47+08:00"}
{"level":"info","msg":"init mail successfully!","time":"2025-12-28T22:09:47+08:00"}
{"level":"info","msg":"start init tos","time":"2025-12-28T22:09:47+08:00"}
{"level":"info","msg":"init tos successfully!","time":"2025-12-28T22:09:47+08:00"}
{"level":"info","msg":"KITEX: server listen at addr=[::]:8888","time":"2025-12-28T22:09:47+08:00"}
{"level":"info","msg":"KITEX: gRPC GracefulShutdown starts","time":"2025-12-28T22:09:49+08:00"}
{"level":"info","msg":"KITEX: gRPC GracefulShutdown ends","time":"2025-12-28T22:09:49+08:00"}
{"level":"info","msg":"start init db","time":"2025-12-28T22:10:22+08:00"}
{"level":"info","msg":"init db successfully!","time":"2025-12-28T22:10:22+08:00"}
{"level":"info","msg":"start init redis","time":"2025-12-28T22:10:22+08:00"}
{"level":"info","msg":"init redis successfully!","time":"2025-12-28T22:10:22+08:00"}
{"level":"info","msg":"start init id generator","time":"2025-12-28T22:10:22+08:00"}
{"level":"info","msg":"init id generator successfully!","time":"2025-12-28T22:10:22+08:00"}
{"level":"info","msg":"start init mail","time":"2025-12-28T22:10:22+08:00"}
{"level":"info","msg":"init mail dialer successfully!","time":"2025-12-28T22:10:22+08:00"}
{"level":"info","msg":"init mail successfully!","time":"2025-12-28T22:10:22+08:00"}
{"level":"info","msg":"start init tos","time":"2025-12-28T22:10:22+08:00"}
{"level":"info","msg":"init tos successfully!","time":"2025-12-28T22:10:22+08:00"}
{"level":"info","msg":"KITEX: server listen at addr=[::]:8888","time":"2025-12-28T22:10:22+08:00"}
{"level":"error","msg":"token parse error: token is malformed: token contains an invalid number of segments","time":"2025-12-28T22:10:56+08:00"}
{"level":"info","msg":"KITEX: gRPC GracefulShutdown starts","time":"2025-12-28T22:19:21+08:00"}
{"level":"info","msg":"KITEX: gRPC GracefulShutdown ends","time":"2025-12-28T22:19:21+08:00"}
{"level":"info","msg":"start init db","time":"2025-12-28T22:19:24+08:00"}
{"level":"info","msg":"init db successfully!","time":"2025-12-28T22:19:24+08:00"}
{"level":"info","msg":"start init redis","time":"2025-12-28T22:19:24+08:00"}
{"level":"info","msg":"init redis successfully!","time":"2025-12-28T22:19:24+08:00"}
{"level":"info","msg":"start init id generator","time":"2025-12-28T22:19:24+08:00"}
{"level":"info","msg":"init id generator successfully!","time":"2025-12-28T22:19:24+08:00"}
{"level":"info","msg":"start init mail","time":"2025-12-28T22:19:24+08:00"}
{"level":"info","msg":"init mail dialer successfully!","time":"2025-12-28T22:19:24+08:00"}
{"level":"info","msg":"init mail successfully!","time":"2025-12-28T22:19:24+08:00"}
{"level":"info","msg":"start init tos","time":"2025-12-28T22:19:24+08:00"}
{"level":"info","msg":"init tos successfully!","time":"2025-12-28T22:19:24+08:00"}
{"level":"info","msg":"start init db","time":"2025-12-28T22:19:35+08:00"}
{"level":"info","msg":"init db successfully!","time":"2025-12-28T22:19:35+08:00"}
{"level":"info","msg":"start init redis","time":"2025-12-28T22:19:35+08:00"}
{"level":"info","msg":"init redis successfully!","time":"2025-12-28T22:19:35+08:00"}
{"level":"info","msg":"start init id generator","time":"2025-12-28T22:19:35+08:00"}
{"level":"info","msg":"init id generator successfully!","time":"2025-12-28T22:19:35+08:00"}
{"level":"info","msg":"start init mail","time":"2025-12-28T22:19:35+08:00"}
{"level":"info","msg":"init mail dialer successfully!","time":"2025-12-28T22:19:35+08:00"}
{"level":"info","msg":"init mail successfully!","time":"2025-12-28T22:19:35+08:00"}
{"level":"info","msg":"start init tos","time":"2025-12-28T22:19:35+08:00"}
{"level":"info","msg":"init tos successfully!","time":"2025-12-28T22:19:35+08:00"}
{"level":"info","msg":"start init db","time":"2025-12-28T22:20:05+08:00"}
{"level":"info","msg":"init db successfully!","time":"2025-12-28T22:20:05+08:00"}
{"level":"info","msg":"start init redis","time":"2025-12-28T22:20:05+08:00"}
{"level":"info","msg":"init redis successfully!","time":"2025-12-28T22:20:05+08:00"}
{"level":"info","msg":"start init id generator","time":"2025-12-28T22:20:05+08:00"}
{"level":"info","msg":"init id generator successfully!","time":"2025-12-28T22:20:05+08:00"}
{"level":"info","msg":"start init mail","time":"2025-12-28T22:20:05+08:00"}
{"level":"info","msg":"init mail dialer successfully!","time":"2025-12-28T22:20:05+08:00"}
{"level":"info","msg":"init mail successfully!","time":"2025-12-28T22:20:05+08:00"}
{"level":"info","msg":"start init tos","time":"2025-12-28T22:20:05+08:00"}
{"level":"info","msg":"init tos successfully!","time":"2025-12-28T22:20:05+08:00"}
{"level":"info","msg":"KITEX: server listen at addr=[::]:8888","time":"2025-12-28T22:20:05+08:00"}
{"level":"info","msg":"KITEX: gRPC GracefulShutdown starts","time":"2025-12-28T22:22:19+08:00"}
{"level":"info","msg":"KITEX: gRPC GracefulShutdown ends","time":"2025-12-28T22:22:19+08:00"}
{"level":"info","msg":"start init db","time":"2025-12-28T22:22:27+08:00"}
{"level":"info","msg":"init db successfully!","time":"2025-12-28T22:22:27+08:00"}
{"level":"info","msg":"start init redis","time":"2025-12-28T22:22:27+08:00"}
{"level":"info","msg":"init redis successfully!","time":"2025-12-28T22:22:27+08:00"}
{"level":"info","msg":"start init id generator","time":"2025-12-28T22:22:27+08:00"}
{"level":"info","msg":"init id generator successfully!","time":"2025-12-28T22:22:27+08:00"}
{"level":"info","msg":"start init mail","time":"2025-12-28T22:22:27+08:00"}
{"level":"info","msg":"init mail dialer successfully!","time":"2025-12-28T22:22:27+08:00"}
{"level":"info","msg":"init mail successfully!","time":"2025-12-28T22:22:27+08:00"}
{"level":"info","msg":"start init tos","time":"2025-12-28T22:22:27+08:00"}
{"level":"info","msg":"init tos successfully!","time":"2025-12-28T22:22:27+08:00"}
{"level":"info","msg":"KITEX: server listen at addr=[::]:8888","time":"2025-12-28T22:22:27+08:00"}
{"level":"info","msg":"KITEX: gRPC GracefulShutdown starts","time":"2025-12-28T22:24:05+08:00"}
{"level":"info","msg":"KITEX: gRPC GracefulShutdown ends","time":"2025-12-28T22:24:05+08:00"}
{"level":"info","msg":"start init db","time":"2025-12-28T22:24:08+08:00"}
{"level":"info","msg":"init db successfully!","time":"2025-12-28T22:24:08+08:00"}
{"level":"info","msg":"start init redis","time":"2025-12-28T22:24:08+08:00"}
{"level":"info","msg":"init redis successfully!","time":"2025-12-28T22:24:08+08:00"}
{"level":"info","msg":"start init id generator","time":"2025-12-28T22:24:08+08:00"}
{"level":"info","msg":"init id generator successfully!","time":"2025-12-28T22:24:08+08:00"}
{"level":"info","msg":"start init mail","time":"2025-12-28T22:24:08+08:00"}
{"level":"info","msg":"init mail dialer successfully!","time":"2025-12-28T22:24:08+08:00"}
{"level":"info","msg":"init mail successfully!","time":"2025-12-28T22:24:08+08:00"}
{"level":"info","msg":"start init tos","time":"2025-12-28T22:24:08+08:00"}
{"level":"info","msg":"init tos successfully!","time":"2025-12-28T22:24:08+08:00"}
{"level":"info","msg":"KITEX: server listen at addr=[::]:8888","time":"2025-12-28T22:24:08+08:00"}
{"level":"info","msg":"KITEX: gRPC GracefulShutdown starts","time":"2025-12-28T22:24:30+08:00"}
{"level":"info","msg":"KITEX: gRPC GracefulShutdown ends","time":"2025-12-28T22:24:30+08:00"}
{"level":"info","msg":"start init db","time":"2025-12-28T22:25:53+08:00"}
{"level":"info","msg":"init db successfully!","time":"2025-12-28T22:25:53+08:00"}
{"level":"info","msg":"start init redis","time":"2025-12-28T22:25:53+08:00"}
{"level":"info","msg":"init redis successfully!","time":"2025-12-28T22:25:53+08:00"}
{"level":"info","msg":"start init id generator","time":"2025-12-28T22:25:53+08:00"}
{"level":"info","msg":"init id generator successfully!","time":"2025-12-28T22:25:53+08:00"}
{"level":"info","msg":"start init mail","time":"2025-12-28T22:25:53+08:00"}
{"level":"info","msg":"init mail dialer successfully!","time":"2025-12-28T22:25:53+08:00"}
{"level":"info","msg":"init mail successfully!","time":"2025-12-28T22:25:53+08:00"}
{"level":"info","msg":"start init tos","time":"2025-12-28T22:25:53+08:00"}
{"level":"info","msg":"init tos successfully!","time":"2025-12-28T22:25:53+08:00"}
{"level":"info","msg":"KITEX: server listen at addr=[::]:8888","time":"2025-12-28T22:25:53+08:00"}
{"level":"info","msg":"KITEX: gRPC GracefulShutdown starts","time":"2025-12-28T22:26:43+08:00"}
{"level":"info","msg":"KITEX: gRPC GracefulShutdown ends","time":"2025-12-28T22:26:43+08:00"}
{"level":"info","msg":"start init db","time":"2025-12-28T22:27:34+08:00"}
{"level":"info","msg":"init db successfully!","time":"2025-12-28T22:27:34+08:00"}
{"level":"info","msg":"start init redis","time":"2025-12-28T22:27:34+08:00"}
{"level":"info","msg":"init redis successfully!","time":"2025-12-28T22:27:34+08:00"}
{"level":"info","msg":"start init id generator","time":"2025-12-28T22:27:34+08:00"}
{"level":"info","msg":"init id generator successfully!","time":"2025-12-28T22:27:34+08:00"}
{"level":"info","msg":"start init mail","time":"2025-12-28T22:27:34+08:00"}
{"level":"info","msg":"init mail dialer successfully!","time":"2025-12-28T22:27:34+08:00"}
{"level":"info","msg":"init mail successfully!","time":"2025-12-28T22:27:34+08:00"}
{"level":"info","msg":"start init tos","time":"2025-12-28T22:27:34+08:00"}
{"level":"info","msg":"init tos successfully!","time":"2025-12-28T22:27:34+08:00"}
{"level":"info","msg":"KITEX: server listen at addr=[::]:8888","time":"2025-12-28T22:27:34+08:00"}
{"level":"info","msg":"KITEX: gRPC GracefulShutdown starts","time":"2025-12-28T22:28:06+08:00"}
{"level":"info","msg":"KITEX: gRPC GracefulShutdown ends","time":"2025-12-28T22:28:07+08:00"}
{"level":"info","msg":"start init db","time":"2025-12-28T22:28:14+08:00"}
{"level":"info","msg":"init db successfully!","time":"2025-12-28T22:28:14+08:00"}
{"level":"info","msg":"start init redis","time":"2025-12-28T22:28:14+08:00"}
{"level":"info","msg":"init redis successfully!","time":"2025-12-28T22:28:14+08:00"}
{"level":"info","msg":"start init id generator","time":"2025-12-28T22:28:14+08:00"}
{"level":"info","msg":"init id generator successfully!","time":"2025-12-28T22:28:14+08:00"}
{"level":"info","msg":"start init mail","time":"2025-12-28T22:28:14+08:00"}
{"level":"info","msg":"init mail dialer successfully!","time":"2025-12-28T22:28:14+08:00"}
{"level":"info","msg":"init mail successfully!","time":"2025-12-28T22:28:14+08:00"}
{"level":"info","msg":"start init tos","time":"2025-12-28T22:28:14+08:00"}
{"level":"info","msg":"init tos successfully!","time":"2025-12-28T22:28:14+08:00"}
{"level":"info","msg":"KITEX: server listen at addr=[::]:8888","time":"2025-12-28T22:28:14+08:00"}
{"level":"info","msg":"KITEX: gRPC GracefulShutdown starts","time":"2025-12-28T22:33:03+08:00"}
{"level":"warning","msg":"KITEX: auto retry retryable error, to_service=ice_sparkhire_runtime, retry=1 error=remote or network error: get connection error: dial tcp 127.0.0.1:8888: connection has been closed by peer","time":"2025-12-28T22:33:03+08:00"}
{"level":"warning","msg":"KITEX: auto retry retryable error, to_service=ice_sparkhire_runtime, retry=2 error=remote or network error: get connection error: dial tcp 127.0.0.1:8888: connection has been closed by peer","time":"2025-12-28T22:33:03+08:00"}
{"level":"warning","msg":"KITEX: auto retry retryable error, to_service=ice_sparkhire_runtime, retry=3 error=remote or network error: get connection error: dial tcp 127.0.0.1:8888: connection has been closed by peer","time":"2025-12-28T22:33:03+08:00"}
{"level":"warning","msg":"KITEX: auto retry retryable error, to_service=ice_sparkhire_runtime, retry=4 error=remote or network error: get connection error: dial tcp 127.0.0.1:8888: connection has been closed by peer","time":"2025-12-28T22:33:03+08:00"}
{"level":"warning","msg":"KITEX: auto retry retryable error, to_service=ice_sparkhire_runtime, retry=5 error=remote or network error: get connection error: dial tcp 127.0.0.1:8888: connection has been closed by peer","time":"2025-12-28T22:33:03+08:00"}
{"level":"warning","msg":"KITEX: auto retry retryable error, to_service=ice_sparkhire_runtime, retry=6 error=remote or network error: get connection error: dial tcp 127.0.0.1:8888: connection has been closed by peer","time":"2025-12-28T22:33:03+08:00"}
{"level":"info","msg":"KITEX: gRPC GracefulShutdown ends","time":"2025-12-28T22:33:03+08:00"}
{"level":"info","msg":"start init db","time":"2025-12-28T22:33:06+08:00"}
{"level":"info","msg":"init db successfully!","time":"2025-12-28T22:33:06+08:00"}
{"level":"info","msg":"start init redis","time":"2025-12-28T22:33:06+08:00"}
{"level":"info","msg":"init redis successfully!","time":"2025-12-28T22:33:06+08:00"}
{"level":"info","msg":"start init id generator","time":"2025-12-28T22:33:06+08:00"}
{"level":"info","msg":"init id generator successfully!","time":"2025-12-28T22:33:06+08:00"}
{"level":"info","msg":"start init mail","time":"2025-12-28T22:33:06+08:00"}
{"level":"info","msg":"init mail dialer successfully!","time":"2025-12-28T22:33:06+08:00"}
{"level":"info","msg":"init mail successfully!","time":"2025-12-28T22:33:06+08:00"}
{"level":"info","msg":"start init tos","time":"2025-12-28T22:33:06+08:00"}
{"level":"info","msg":"init tos successfully!","time":"2025-12-28T22:33:06+08:00"}
{"level":"info","msg":"KITEX: server listen at addr=[::]:8888","time":"2025-12-28T22:33:06+08:00"}
{"level":"info","msg":"KITEX: gRPC GracefulShutdown starts","time":"2025-12-28T22:33:33+08:00"}
{"level":"info","msg":"KITEX: gRPC GracefulShutdown ends","time":"2025-12-28T22:33:33+08:00"}
{"level":"info","msg":"start init db","time":"2025-12-28T22:33:35+08:00"}
{"level":"info","msg":"init db successfully!","time":"2025-12-28T22:33:35+08:00"}
{"level":"info","msg":"start init redis","time":"2025-12-28T22:33:35+08:00"}
{"level":"info","msg":"init redis successfully!","time":"2025-12-28T22:33:35+08:00"}
{"level":"info","msg":"start init id generator","time":"2025-12-28T22:33:35+08:00"}
{"level":"info","msg":"init id generator successfully!","time":"2025-12-28T22:33:35+08:00"}
{"level":"info","msg":"start init mail","time":"2025-12-28T22:33:35+08:00"}
{"level":"info","msg":"init mail dialer successfully!","time":"2025-12-28T22:33:35+08:00"}
{"level":"info","msg":"init mail successfully!","time":"2025-12-28T22:33:35+08:00"}
{"level":"info","msg":"start init tos","time":"2025-12-28T22:33:35+08:00"}
{"level":"info","msg":"init tos successfully!","time":"2025-12-28T22:33:35+08:00"}
{"level":"info","msg":"KITEX: server listen at addr=[::]:8888","time":"2025-12-28T22:33:35+08:00"}
{"level":"info","msg":"KITEX: gRPC GracefulShutdown starts","time":"2025-12-28T22:50:48+08:00"}
{"level":"warning","msg":"KITEX: auto retry retryable error, to_service=ice_sparkhire_runtime, retry=1 error=remote or network error: get connection error: dial tcp 127.0.0.1:8888: connection has been closed by peer","time":"2025-12-28T22:50:48+08:00"}
{"level":"warning","msg":"KITEX: auto retry retryable error, to_service=ice_sparkhire_runtime, retry=2 error=remote or network error: get connection error: dial tcp 127.0.0.1:8888: connection has been closed by peer","time":"2025-12-28T22:50:48+08:00"}
{"level":"warning","msg":"KITEX: auto retry retryable error, to_service=ice_sparkhire_runtime, retry=3 error=remote or network error: get connection error: dial tcp 127.0.0.1:8888: connection has been closed by peer","time":"2025-12-28T22:50:48+08:00"}
{"level":"warning","msg":"KITEX: auto retry retryable error, to_service=ice_sparkhire_runtime, retry=4 error=remote or network error: get connection error: dial tcp 127.0.0.1:8888: connection has been closed by peer","time":"2025-12-28T22:50:48+08:00"}
{"level":"warning","msg":"KITEX: auto retry retryable error, to_service=ice_sparkhire_runtime, retry=5 error=remote or network error: get connection error: dial tcp 127.0.0.1:8888: connection has been closed by peer","time":"2025-12-28T22:50:48+08:00"}
{"level":"warning","msg":"KITEX: auto retry retryable error, to_service=ice_sparkhire_runtime, retry=6 error=remote or network error: get connection error: dial tcp 127.0.0.1:8888: connection has been closed by peer","time":"2025-12-28T22:50:48+08:00"}
{"level":"info","msg":"KITEX: gRPC GracefulShutdown ends","time":"2025-12-28T22:50:48+08:00"}
{"level":"info","msg":"start init db","time":"2025-12-28T22:50:52+08:00"}
{"level":"info","msg":"init db successfully!","time":"2025-12-28T22:50:52+08:00"}
{"level":"info","msg":"start init redis","time":"2025-12-28T22:50:52+08:00"}
{"level":"info","msg":"init redis successfully!","time":"2025-12-28T22:50:52+08:00"}
{"level":"info","msg":"start init id generator","time":"2025-12-28T22:50:52+08:00"}
{"level":"info","msg":"init id generator successfully!","time":"2025-12-28T22:50:52+08:00"}
{"level":"info","msg":"start init mail","time":"2025-12-28T22:50:52+08:00"}
{"level":"info","msg":"init mail dialer successfully!","time":"2025-12-28T22:50:52+08:00"}
{"level":"info","msg":"init mail successfully!","time":"2025-12-28T22:50:52+08:00"}
{"level":"info","msg":"start init tos","time":"2025-12-28T22:50:52+08:00"}
{"level":"info","msg":"init tos successfully!","time":"2025-12-28T22:50:52+08:00"}
{"level":"info","msg":"KITEX: server listen at addr=[::]:8888","time":"2025-12-28T22:50:52+08:00"}
{"level":"info","msg":"KITEX: gRPC GracefulShutdown starts","time":"2025-12-28T22:52:07+08:00"}
{"level":"info","msg":"KITEX: gRPC GracefulShutdown ends","time":"2025-12-28T22:52:07+08:00"}
{"level":"info","msg":"start init db","time":"2025-12-28T22:52:15+08:00"}
{"level":"info","msg":"init db successfully!","time":"2025-12-28T22:52:15+08:00"}
{"level":"info","msg":"start init redis","time":"2025-12-28T22:52:15+08:00"}
{"level":"info","msg":"init redis successfully!","time":"2025-12-28T22:52:15+08:00"}
{"level":"info","msg":"start init id generator","time":"2025-12-28T22:52:15+08:00"}
{"level":"info","msg":"init id generator successfully!","time":"2025-12-28T22:52:15+08:00"}
{"level":"info","msg":"start init mail","time":"2025-12-28T22:52:15+08:00"}
{"level":"info","msg":"init mail dialer successfully!","time":"2025-12-28T22:52:15+08:00"}
{"level":"info","msg":"init mail successfully!","time":"2025-12-28T22:52:15+08:00"}
{"level":"info","msg":"start init tos","time":"2025-12-28T22:52:15+08:00"}
{"level":"info","msg":"init tos successfully!","time":"2025-12-28T22:52:15+08:00"}
{"level":"info","msg":"KITEX: server listen at addr=[::]:8888","time":"2025-12-28T22:52:15+08:00"}
{"level":"error","msg":"create company failed: load font path error: open ../.conf/font/AlibabaPuHuiTi-3-75-SemiBold.ttf: no such file or directory","time":"2025-12-28T22:52:17+08:00"}
{"level":"info","msg":"KITEX: gRPC GracefulShutdown starts","time":"2025-12-28T22:52:52+08:00"}
{"level":"info","msg":"KITEX: gRPC GracefulShutdown ends","time":"2025-12-28T22:52:52+08:00"}
{"level":"info","msg":"start init db","time":"2025-12-28T22:52:59+08:00"}
{"level":"info","msg":"init db successfully!","time":"2025-12-28T22:52:59+08:00"}
{"level":"info","msg":"start init redis","time":"2025-12-28T22:52:59+08:00"}
{"level":"info","msg":"init redis successfully!","time":"2025-12-28T22:52:59+08:00"}
{"level":"info","msg":"start init id generator","time":"2025-12-28T22:52:59+08:00"}
{"level":"info","msg":"init id generator successfully!","time":"2025-12-28T22:52:59+08:00"}
{"level":"info","msg":"start init mail","time":"2025-12-28T22:52:59+08:00"}
{"level":"info","msg":"init mail dialer successfully!","time":"2025-12-28T22:52:59+08:00"}
{"level":"info","msg":"init mail successfully!","time":"2025-12-28T22:52:59+08:00"}
{"level":"info","msg":"start init tos","time":"2025-12-28T22:52:59+08:00"}
{"level":"info","msg":"init tos successfully!","time":"2025-12-28T22:52:59+08:00"}
{"level":"info","msg":"KITEX: server listen at addr=[::]:8888","time":"2025-12-28T22:52:59+08:00"}
{"level":"info","msg":"KITEX: gRPC GracefulShutdown starts","time":"2025-12-28T23:26:04+08:00"}
{"level":"info","msg":"KITEX: gRPC GracefulShutdown ends","time":"2025-12-28T23:26:04+08:00"}
