{"level":"info","msg":"start init db","time":"2025-12-29T21:22:47+08:00"}
{"level":"info","msg":"init db successfully!","time":"2025-12-29T21:22:47+08:00"}
{"level":"info","msg":"start init redis","time":"2025-12-29T21:22:47+08:00"}
{"level":"info","msg":"init redis successfully!","time":"2025-12-29T21:22:47+08:00"}
{"level":"info","msg":"start init id generator","time":"2025-12-29T21:22:47+08:00"}
{"level":"info","msg":"init id generator successfully!","time":"2025-12-29T21:22:47+08:00"}
{"level":"info","msg":"start init mail","time":"2025-12-29T21:22:47+08:00"}
{"level":"info","msg":"init mail dialer successfully!","time":"2025-12-29T21:22:47+08:00"}
{"level":"info","msg":"init mail successfully!","time":"2025-12-29T21:22:47+08:00"}
{"level":"info","msg":"start init tos","time":"2025-12-29T21:22:47+08:00"}
{"level":"info","msg":"init tos successfully!","time":"2025-12-29T21:22:47+08:00"}
{"level":"info","msg":"KITEX: server listen at addr=[::]:8888","time":"2025-12-29T21:22:47+08:00"}
{"level":"info","msg":"check if key exists: %!s(int64=0)","time":"2025-12-29T21:31:05+08:00"}
{"level":"info","msg":"send verify code with verify code: 122017","time":"2025-12-29T21:31:05+08:00"}
{"level":"info","msg":"[Mail Sender] send mail content: 尊敬的【用户】：\n您好！本次操作的验证码为：\n【 122017 】\n验证码有效期【有效期：5 分钟】，请尽快完成操作。\n如非本人操作，请忽略此邮件。\n感谢您使用【SparkHire】！\n【Ice Man】团队\n, from: 2473159069@qq.com, to: 2473159069@qq.com","time":"2025-12-29T21:31:05+08:00"}
{"level":"info","msg":"check if key exists: %!s(int64=1)","time":"2025-12-29T21:31:37+08:00"}
{"level":"info","msg":"KITEX: gRPC GracefulShutdown starts","time":"2025-12-29T21:36:36+08:00"}
{"level":"info","msg":"KITEX: gRPC GracefulShutdown ends","time":"2025-12-29T21:36:36+08:00"}
{"level":"info","msg":"start init db","time":"2025-12-29T21:36:39+08:00"}
{"level":"info","msg":"init db successfully!","time":"2025-12-29T21:36:39+08:00"}
{"level":"info","msg":"start init redis","time":"2025-12-29T21:36:39+08:00"}
{"level":"info","msg":"init redis successfully!","time":"2025-12-29T21:36:39+08:00"}
{"level":"info","msg":"start init id generator","time":"2025-12-29T21:36:39+08:00"}
{"level":"info","msg":"init id generator successfully!","time":"2025-12-29T21:36:39+08:00"}
{"level":"info","msg":"start init mail","time":"2025-12-29T21:36:39+08:00"}
{"level":"info","msg":"init mail dialer successfully!","time":"2025-12-29T21:36:39+08:00"}
{"level":"info","msg":"init mail successfully!","time":"2025-12-29T21:36:39+08:00"}
{"level":"info","msg":"start init tos","time":"2025-12-29T21:36:39+08:00"}
{"level":"info","msg":"init tos successfully!","time":"2025-12-29T21:36:39+08:00"}
{"level":"info","msg":"KITEX: server listen at addr=[::]:8888","time":"2025-12-29T21:36:39+08:00"}
{"level":"error","msg":"create company failed: company 阿里巴巴集团 already exists","time":"2025-12-29T21:36:45+08:00"}
{"level":"info","msg":"KITEX: gRPC GracefulShutdown starts","time":"2025-12-29T21:59:01+08:00"}
{"level":"info","msg":"KITEX: gRPC GracefulShutdown ends","time":"2025-12-29T21:59:01+08:00"}
{"level":"info","msg":"start init db","time":"2025-12-29T21:59:04+08:00"}
{"level":"info","msg":"init db successfully!","time":"2025-12-29T21:59:04+08:00"}
{"level":"info","msg":"start init redis","time":"2025-12-29T21:59:04+08:00"}
{"level":"info","msg":"init redis successfully!","time":"2025-12-29T21:59:04+08:00"}
{"level":"info","msg":"start init id generator","time":"2025-12-29T21:59:04+08:00"}
{"level":"info","msg":"init id generator successfully!","time":"2025-12-29T21:59:04+08:00"}
{"level":"info","msg":"start init mail","time":"2025-12-29T21:59:04+08:00"}
{"level":"info","msg":"init mail dialer successfully!","time":"2025-12-29T21:59:04+08:00"}
{"level":"info","msg":"init mail successfully!","time":"2025-12-29T21:59:04+08:00"}
{"level":"info","msg":"start init tos","time":"2025-12-29T21:59:04+08:00"}
{"level":"info","msg":"init tos successfully!","time":"2025-12-29T21:59:04+08:00"}
{"level":"info","msg":"KITEX: server listen at addr=[::]:8888","time":"2025-12-29T21:59:04+08:00"}
{"level":"info","msg":"KITEX: gRPC GracefulShutdown starts","time":"2025-12-29T21:59:54+08:00"}
{"level":"info","msg":"KITEX: gRPC GracefulShutdown ends","time":"2025-12-29T21:59:54+08:00"}
{"level":"info","msg":"start init db","time":"2025-12-29T21:59:55+08:00"}
{"level":"info","msg":"init db successfully!","time":"2025-12-29T21:59:55+08:00"}
{"level":"info","msg":"start init redis","time":"2025-12-29T21:59:55+08:00"}
{"level":"info","msg":"init redis successfully!","time":"2025-12-29T21:59:55+08:00"}
{"level":"info","msg":"start init id generator","time":"2025-12-29T21:59:55+08:00"}
{"level":"info","msg":"init id generator successfully!","time":"2025-12-29T21:59:55+08:00"}
{"level":"info","msg":"start init mail","time":"2025-12-29T21:59:55+08:00"}
{"level":"info","msg":"init mail dialer successfully!","time":"2025-12-29T21:59:55+08:00"}
{"level":"info","msg":"init mail successfully!","time":"2025-12-29T21:59:55+08:00"}
{"level":"info","msg":"start init tos","time":"2025-12-29T21:59:55+08:00"}
{"level":"info","msg":"init tos successfully!","time":"2025-12-29T21:59:55+08:00"}
{"level":"info","msg":"KITEX: server listen at addr=[::]:8888","time":"2025-12-29T21:59:55+08:00"}
{"level":"error","msg":"[DB] find career experience by id failed, record not found","time":"2025-12-29T22:00:56+08:00"}
{"level":"error","msg":"edit career experience failed: find career experience error: record not found","time":"2025-12-29T22:00:56+08:00"}
{"level":"info","msg":"KITEX: gRPC GracefulShutdown starts","time":"2025-12-29T22:01:56+08:00"}
{"level":"info","msg":"KITEX: gRPC GracefulShutdown ends","time":"2025-12-29T22:01:56+08:00"}
